Log file open, 03/19/17 13:37:12
LogInit:Display: Running engine for game: Asteroids0
LogPlatformFile: Not using cached read wrapper
LogInit:Display: RandInit(1853093218) SRandInit(1853093219).
LogTaskGraph: Started task graph with 5 named threads and 6 total threads with 1 sets of task threads.
LogStats: Stats thread started at 0.379347
LogInit: Using libcurl 7.47.1
LogInit:  - built for x86_64-pc-win32
LogInit:  - supports SSL with OpenSSL/1.0.2g
LogInit:  - supports HTTP deflate (compression) using libz 1.2.8
LogInit:  - other features:
LogInit:      CURL_VERSION_SSL
LogInit:      CURL_VERSION_LIBZ
LogInit:      CURL_VERSION_IPV6
LogInit:      CURL_VERSION_ASYNCHDNS
LogInit:      CURL_VERSION_LARGEFILE
LogInit:      CURL_VERSION_IDN
LogInit:  CurlRequestOptions (configurable via config and command line):
LogInit:  - bVerifyPeer = false  - Libcurl will NOT verify peer certificate
LogInit:  - bUseHttpProxy = false  - Libcurl will NOT use HTTP proxy
LogInit:  - bDontReuseConnections = false  - Libcurl will reuse connections
LogInit:  - CertBundlePath = nullptr  - Libcurl will use whatever was configured at build time.
LogInit: Build: ++UE4+Release-4.15-CL-3299760
LogInit: Engine Version: 4.15.0-3299760+++UE4+Release-4.15
LogInit: Compatible Engine Version: 4.15.0-3299760+++UE4+Release-4.15
LogInit: Net CL: 3299760
LogDevObjectVersion: Number of dev versions registered: 14
LogDevObjectVersion:   Dev-Blueprints (B0D832E4-1F89-4F0D-ACCF-7EB736FD4AA2): 8
LogDevObjectVersion:   Dev-Build (E1C64328-A22C-4D53-A36C-8E866417BD8C): 0
LogDevObjectVersion:   Dev-Core (375EC13C-06E4-48FB-B500-84F0262A717E): 2
LogDevObjectVersion:   Dev-Editor (E4B068ED-F494-42E9-A231-DA0B2E46BB41): 14
LogDevObjectVersion:   Dev-Framework (CFFC743F-43B0-4480-9391-14DF171D2073): 22
LogDevObjectVersion:   Dev-Mobile (B02B49B5-BB20-44E9-A304-32B752E40360): 0
LogDevObjectVersion:   Dev-Networking (A4E4105C-59A1-49B5-A7C5-40C4547EDFEE): 0
LogDevObjectVersion:   Dev-Online (39C831C9-5AE6-47DC-9A44-9C173E1C8E7C): 0
LogDevObjectVersion:   Dev-Physics (78F01B33-EBEA-4F98-B9B4-84EACCB95AA2): 0
LogDevObjectVersion:   Dev-Platform (6631380F-2D4D-43E0-8009-CF276956A95A): 0
LogDevObjectVersion:   Dev-Rendering (12F88B9F-8875-4AFC-A67C-D90C383ABD29): 12
LogDevObjectVersion:   Dev-Sequencer (7B5AE74C-D270-4C10-A958-57980B212A5A): 3
LogDevObjectVersion:   Dev-VR (D7296918-1DD6-4BDD-9DE2-64A83CC13884): 0
LogDevObjectVersion:   Dev-LoadTimes (C2A15278-BFE7-4AFE-6C17-90FF531DF755): 1
LogInit: Compiled (64-bit): Feb 14 2017 02:04:14
LogInit: Compiled with Visual C++: 19.00.23026.00
LogInit: Build Configuration: Development
LogInit: Branch Name: ++UE4+Release-4.15
LogInit: Command line:  
LogInit: Base directory: C:/Program Files (x86)/Epic Games/UE_4.15/Engine/Binaries/Win64/
LogInit: Installed Engine Build: 1
LogInit: Presizing for max 8388607 objects, including 0 objects not considered by GC, pre-allocating 0 bytes for permanent pool.
LogInit: Object subsystem initialized
[2017.03.19-10.37.13:781][  0]LogInit: Selected Device Profile: [Windows]
[2017.03.19-10.37.13:781][  0]LogInit: Applying CVar settings loaded from the selected device profile: [Windows]
[2017.03.19-10.37.13:806][  0]LogInit: Computer: ZENBO
[2017.03.19-10.37.13:806][  0]LogInit: User: 0bogg000
[2017.03.19-10.37.13:806][  0]LogInit: CPU Page size=65536, Cores=2
[2017.03.19-10.37.13:806][  0]LogInit: High frequency timer resolution =2.533202 MHz
[2017.03.19-10.37.13:806][  0]LogMemory: Memory total: Physical=7.9GB (8GB approx)
[2017.03.19-10.37.13:806][  0]LogMemory: Platform Memory Stats for Windows
[2017.03.19-10.37.13:806][  0]LogMemory: Process Physical Memory: 264.91 MB used, 264.91 MB peak
[2017.03.19-10.37.13:806][  0]LogMemory: Process Virtual Memory: 262.27 MB used, 262.27 MB peak
[2017.03.19-10.37.13:806][  0]LogMemory: Physical Memory: 5182.36 MB used,  2892.75 MB free, 8075.11 MB total
[2017.03.19-10.37.13:806][  0]LogMemory: Virtual Memory: 643.17 MB used,  2892.75 MB free, 134217728.00 MB total
[2017.03.19-10.37.14:104][  0]LogTextLocalizationManager: No translations for ('ru-RU') exist, falling back to 'en' for localization and internationalization data.
[2017.03.19-10.37.16:046][  0]LogD3D11RHI: D3D11 adapters:
[2017.03.19-10.37.16:089][  0]LogD3D11RHI:    0. 'NVIDIA GeForce 840M' (Feature Level 11_0)
[2017.03.19-10.37.16:089][  0]LogD3D11RHI:       2020/0/4037 MB DedicatedVideo/DedicatedSystem/SharedSystem, Outputs:1, VendorId:0x10de
[2017.03.19-10.37.16:098][  0]LogD3D11RHI:    1. 'Intel(R) HD Graphics Family' (Feature Level 11_0)
[2017.03.19-10.37.16:098][  0]LogD3D11RHI:       112/0/2048 MB DedicatedVideo/DedicatedSystem/SharedSystem, Outputs:0, VendorId:0x8086
[2017.03.19-10.37.16:099][  0]LogD3D11RHI:    2. 'Microsoft Basic Render Driver' (Feature Level 11_0)
[2017.03.19-10.37.16:099][  0]LogD3D11RHI:       0/0/4037 MB DedicatedVideo/DedicatedSystem/SharedSystem, Outputs:0, VendorId:0x1414
[2017.03.19-10.37.16:099][  0]LogD3D11RHI: Chosen D3D11 Adapter: 0
[2017.03.19-10.37.16:105][  0]LogD3D11RHI: Creating new Direct3DDevice
[2017.03.19-10.37.16:105][  0]LogD3D11RHI:     GPU DeviceId: 0x1341 (for the marketing name, search the web for "GPU Device Id")
[2017.03.19-10.37.16:105][  0]LogWindows: EnumDisplayDevices:
[2017.03.19-10.37.16:106][  0]LogWindows:    0. 'Intel(R) HD Graphics Family' (P:1 D:1)
[2017.03.19-10.37.16:106][  0]LogWindows:    1. 'Intel(R) HD Graphics Family' (P:0 D:0)
[2017.03.19-10.37.16:106][  0]LogWindows:    2. 'Intel(R) HD Graphics Family' (P:0 D:0)
[2017.03.19-10.37.16:106][  0]LogWindows: DebugString: PrimaryIsNotTheChoosenAdapter PrimaryIsNotTheChoosenAdapter PrimaryIsNotTheChoosenAdapter FoundDriverCount:0 
[2017.03.19-10.37.16:106][  0]LogD3D11RHI:     Adapter Name: NVIDIA GeForce 840M
[2017.03.19-10.37.16:106][  0]LogD3D11RHI:   Driver Version: Unknown (internal:Unknown, unified:Unknown)
[2017.03.19-10.37.16:106][  0]LogD3D11RHI:      Driver Date: Unknown
[2017.03.19-10.37.16:106][  0]LogRHI: Texture pool is 1361 MB (70% of 1945 MB)
[2017.03.19-10.37.16:127][  0]LogD3D11RHI: Async texture creation enabled
[2017.03.19-10.37.16:175][  0]LogD3D11RHI: GPU Timing Frequency: 1000.000000 (Debug: 2 2)
[2017.03.19-10.37.16:188][  0]LogShaderCompilers: Guid format shader working directory is 1 characters bigger than the processId version (D:/Work/Projects/boggart/UnrealEngine/Asteroids0/Intermediate/Shaders/WorkingDirectory/15968/).
[2017.03.19-10.37.16:188][  0]LogShaderCompilers: Cleaned the shader compiler working directory 'C:/Users/0bogg_000/AppData/Local/Temp/UnrealShaderWorkingDir/4BAF115F48339248255A028094B1807E/'.
[2017.03.19-10.37.16:189][  0]LogShaderCompilers:Display: Using Local Shader Compiler.
[2017.03.19-10.37.19:276][  0]LogTemp:Display: Loaded TP AllDesktopTargetPlatform
[2017.03.19-10.37.19:356][  0]LogTemp:Display: Loaded TP MacClientTargetPlatform
[2017.03.19-10.37.19:433][  0]LogTemp:Display: Loaded TP MacNoEditorTargetPlatform
[2017.03.19-10.37.19:510][  0]LogTemp:Display: Loaded TP MacServerTargetPlatform
[2017.03.19-10.37.19:598][  0]LogTemp:Display: Loaded TP MacTargetPlatform
[2017.03.19-10.37.19:677][  0]LogTemp:Display: Loaded TP WindowsClientTargetPlatform
[2017.03.19-10.37.19:755][  0]LogTemp:Display: Loaded TP WindowsNoEditorTargetPlatform
[2017.03.19-10.37.19:831][  0]LogTemp:Display: Loaded TP WindowsServerTargetPlatform
[2017.03.19-10.37.19:904][  0]LogTemp:Display: Loaded TP WindowsTargetPlatform
[2017.03.19-10.37.20:000][  0]LogTemp:Display: Loaded TP AndroidTargetPlatform
[2017.03.19-10.37.20:070][  0]LogTemp:Display: Loaded TP Android_ASTCTargetPlatform
[2017.03.19-10.37.20:140][  0]LogTemp:Display: Loaded TP Android_ATCTargetPlatform
[2017.03.19-10.37.20:240][  0]LogTemp:Display: Loaded TP Android_DXTTargetPlatform
[2017.03.19-10.37.20:326][  0]LogTemp:Display: Loaded TP Android_ETC1TargetPlatform
[2017.03.19-10.37.20:417][  0]LogTemp:Display: Loaded TP Android_ETC2TargetPlatform
[2017.03.19-10.37.20:566][  0]LogTemp:Display: Loaded TP Android_MultiTargetPlatform
[2017.03.19-10.37.20:566][  0]LogTemp:Display: Loaded TP Android_PVRTCTargetPlatform
[2017.03.19-10.37.20:631][  0]LogTemp:Display: Loaded TP HTML5TargetPlatform
[2017.03.19-10.37.20:794][  0]LogTemp:Display: Loaded TP IOSTargetPlatform
[2017.03.19-10.37.20:843][  0]LogTemp:Display: Loaded TP TVOSTargetPlatform
[2017.03.19-10.37.20:918][  0]LogTemp:Display: Loaded TP LinuxClientTargetPlatform
[2017.03.19-10.37.21:000][  0]LogTemp:Display: Loaded TP LinuxNoEditorTargetPlatform
[2017.03.19-10.37.21:087][  0]LogTemp:Display: Loaded TP LinuxServerTargetPlatform
[2017.03.19-10.37.21:176][  0]LogTemp:Display: Loaded TP LinuxTargetPlatform
[2017.03.19-10.37.21:176][  0]LogTargetPlatformManager:Display: Building Assets For Windows
[2017.03.19-10.37.22:248][  0]LogDerivedDataCache:Display: Max Cache Size: 512 MB
[2017.03.19-10.37.22:472][  0]LogDerivedDataCache: Loaded boot cache 0.22s 51MB C:/Users/0bogg_000/AppData/Local/UnrealEngine/4.15/DerivedDataCache/Boot.ddc.
[2017.03.19-10.37.22:472][  0]LogDerivedDataCache:Display: Loaded Boot cache: C:/Users/0bogg_000/AppData/Local/UnrealEngine/4.15/DerivedDataCache/Boot.ddc
[2017.03.19-10.37.22:472][  0]LogDerivedDataCache: FDerivedDataBackendGraph:  Pak pak cache file D:/Work/Projects/boggart/UnrealEngine/Asteroids0/DerivedDataCache/DDC.ddp not found, will not use a pak cache.
[2017.03.19-10.37.22:472][  0]LogDerivedDataCache: Unable to find inner node Pak for hierarchical cache Hierarchy.
[2017.03.19-10.37.22:472][  0]LogDerivedDataCache: FDerivedDataBackendGraph:  CompressedPak pak cache file D:/Work/Projects/boggart/UnrealEngine/Asteroids0/DerivedDataCache/Compressed.ddp not found, will not use a pak cache.
[2017.03.19-10.37.22:472][  0]LogDerivedDataCache: Unable to find inner node CompressedPak for hierarchical cache Hierarchy.
[2017.03.19-10.37.22:503][  0]LogDerivedDataCache:Display: Pak cache opened for reading ../../../Engine/DerivedDataCache/Compressed.ddp.
[2017.03.19-10.37.22:515][  0]LogDerivedDataCache: Using Local data cache path C:/Users/0bogg_000/AppData/Local/UnrealEngine/Common/DerivedDataCache: Writable
[2017.03.19-10.37.22:549][  0]LogSlate: Using Freetype 2.6.0
[2017.03.19-10.37.22:560][  0]LogSlate: SlateFontCache - WITH_FREETYPE: 1, WITH_HARFBUZZ: 1
[2017.03.19-10.37.22:560][  0]LogSlate: SlateFontCache - WITH_FREETYPE: 1, WITH_HARFBUZZ: 1
[2017.03.19-10.37.26:807][  0]LogInit: Selected Device Profile: [Windows]
[2017.03.19-10.37.26:824][  0]LogContentStreaming: Texture pool size is 0.00 MB
[2017.03.19-10.37.27:258][  0]LogMeshUtilities: Using QuadricMeshReduction for automatic static mesh reduction
[2017.03.19-10.37.27:372][  0]LogSimplygon: Simplygon DLL not present - disabling.
[2017.03.19-10.37.27:485][  0]LogMeshUtilities: Using SimplygonSwarm for distributed automatic mesh merging
[2017.03.19-10.37.27:485][  0]LogMeshUtilities: No automatic skeletal mesh reduction module available
[2017.03.19-10.37.27:485][  0]LogMeshUtilities: No automatic mesh merging module available
[2017.03.19-10.37.29:071][  0]LogNetVersion: GetLocalNetworkVersion: CL: 3299760, ProjectName: asteroids0, ProjectVersion: , EngineNetworkVersion: 2, GameNetworkVersion: 0, NetworkChecksum: 1240005655
[2017.03.19-10.37.29:157][  0]LogAssetRegistry: FAssetRegistry took 0.0231 seconds to start up
[2017.03.19-10.37.29:242][  0]LogPackageLocalizationCache: Processed 3 localized package path(s) for 1 prioritized culture(s) in 0.033578 seconds
[2017.03.19-10.37.29:252][  0]LogUObjectArray: 32475 objects as part of root set at end of initial load.
[2017.03.19-10.37.29:252][  0]LogUObjectAllocator: 7073360 out of 0 bytes used by permanent object pool.
[2017.03.19-10.37.29:252][  0]LogUObjectArray: CloseDisregardForGC: 0/0 objects in disregard for GC pool
[2017.03.19-10.37.29:370][  0]LogInit: WinSock: version 1.1 (2.2), MaxSocks=32767, MaxUdp=65467
[2017.03.19-10.37.40:710][  0]LogTcpMessaging: Initializing TcpMessaging bridge
[2017.03.19-10.37.40:804][  0]LogUdpMessaging: Initializing bridge on interface 0.0.0.0:0 to multicast group 230.0.0.1:6666.
[2017.03.19-10.37.42:521][  0]LogMaterial: Uniform references updated for custom material expression Custom.
[2017.03.19-10.37.43:525][  0]SourceControl: Info Source control is disabled
[2017.03.19-10.37.43:672][  0]SourceControl: Info Source control is disabled
[2017.03.19-10.37.43:846][  0]SourceControl: Info Source control is disabled
[2017.03.19-10.37.44:048][  0]SourceControl: Info Source control is disabled
[2017.03.19-10.37.47:330][  0]LogEngine: Initializing Engine...
[2017.03.19-10.37.47:333][  0]LogHMD: Failed to initialize OpenVR with code 110
[2017.03.19-10.37.48:015][  0]LogAIModule: Creating AISystem for world Untitled
[2017.03.19-10.37.48:065][  0]LogInit: XAudio2 using 'Динамики (Conexant SmartAudio HD)' : 2 channels at 48 kHz using 32 bits per sample (channel mask 0x3)
[2017.03.19-10.37.48:248][  0]LogInit: FAudioDevice initialized.
[2017.03.19-10.37.48:296][  0]LogDerivedDataCache: Saved boot cache 0.05s 51MB C:/Users/0bogg_000/AppData/Local/UnrealEngine/4.15/DerivedDataCache/Boot.ddc.
[2017.03.19-10.37.48:301][  0]LogInit: Texture streaming: Enabled
[2017.03.19-10.37.48:525][  0]LogEngineSessionManager: EngineSessionManager initialized
[2017.03.19-10.37.48:764][  0]LogInit: Transaction tracking system initialized
[2017.03.19-10.37.49:700][  0]BlueprintLog: New page: Editor Load
[2017.03.19-10.37.51:523][  0]LocalizationService: Info Localization service is disabled
[2017.03.19-10.37.53:034][  0]LogConsoleResponse:Display: 
[2017.03.19-10.37.54:165][  0]LogCook:Display: Max memory allowance for cook 16384mb min free memory 0mb
[2017.03.19-10.37.54:165][  0]LogCook:Display: Mobile HDR setting 1
[2017.03.19-10.37.54:893][  0]LogFileCache: Scanning file cache for directory 'D:/Work/Projects/boggart/UnrealEngine/Asteroids0/Content/' took 0.02s
[2017.03.19-10.37.56:330][  0]SourceControl: Info Source control is disabled
[2017.03.19-10.37.56:330][  0]Cmd: MAP LOAD FILE="D:/Work/Projects/boggart/UnrealEngine/Asteroids0/Content/TwinStickCPP/Maps/TwinStickExampleMap.umap" TEMPLATE=0 SHOWPROGRESS=1 FEATURELEVEL=3
[2017.03.19-10.37.56:330][  0]LightingResults: New page: Lighting Build
[2017.03.19-10.37.56:406][  0]MapCheck: New page: Map Check
[2017.03.19-10.37.56:406][  0]LightingResults: New page: Lighting Build
[2017.03.19-10.37.57:098][  0]LogAIModule: Creating AISystem for world TwinStickExampleMap
[2017.03.19-10.37.57:143][  0]LogEditorServer: Finished looking for orphan Actors (0.001 secs)
[2017.03.19-10.37.57:147][  0]Cmd: MAP CHECKDEP NOCLEARLOG
[2017.03.19-10.37.57:241][  0]MapCheck: Info Map check complete: 0 Error(s), 0 Warning(s), took 93.57ms to complete.
[2017.03.19-10.37.57:241][  0]LogFileHelpers: Loading map 'TwinStickExampleMap' took 0.911
[2017.03.19-10.37.57:605][  0]LogCollectionManager: Loaded 0 collections in 0.001938 seconds
[2017.03.19-10.37.57:771][  0]LogFileCache: Scanning file cache for directory 'D:/Work/Projects/boggart/UnrealEngine/Asteroids0/Saved/Collections/' took 0.01s
[2017.03.19-10.37.57:771][  0]LogFileCache: Scanning file cache for directory 'D:/Work/Projects/boggart/UnrealEngine/Asteroids0/Content/Developers/0bogg000/Collections/' took 0.01s
[2017.03.19-10.37.57:771][  0]LogFileCache: Scanning file cache for directory 'D:/Work/Projects/boggart/UnrealEngine/Asteroids0/Content/Collections/' took 0.01s
[2017.03.19-10.37.57:771][  0]LogCollectionManager: Rebuilt the GUID cache for 0 collections in 0.000007 seconds
[2017.03.19-10.37.57:792][  0]LogContentBrowser: Native class hierarchy populated in 0.0182 seconds. Added 2247 classes and 452 folders.
[2017.03.19-10.37.57:801][  0]LogStats: UGameplayTagsManager::ConstructGameplayTagTree: Construct from data asset -  0.000 s
[2017.03.19-10.37.57:801][  0]LogStats: UGameplayTagsManager::ConstructGameplayTagTree: GameplayTagTreeChangedEvent.Broadcast -  0.000 s
[2017.03.19-10.37.57:939][  0]LogContentBrowser: Native class hierarchy updated for 'WidgetCarousel' in 0.0022 seconds. Added 0 classes and 0 folders.
[2017.03.19-10.37.58:302][  0]LogContentBrowser: Native class hierarchy updated for 'AddContentDialog' in 0.0018 seconds. Added 0 classes and 0 folders.
[2017.03.19-10.37.58:391][  0]LogContentBrowser: Native class hierarchy updated for 'SceneOutliner' in 0.0014 seconds. Added 1 classes and 2 folders.
[2017.03.19-10.37.58:533][  0]LogCrashTracker: Crashtracker disabled due to settings.
[2017.03.19-10.37.58:567][  0]LogUObjectGlobals:Warning: Failed to find object 'Class None.'
[2017.03.19-10.37.58:714][  0]LogContentBrowser: Native class hierarchy updated for 'HierarchicalLODOutliner' in 0.0054 seconds. Added 1 classes and 2 folders.
[2017.03.19-10.37.58:715][  0]LogLoad: (Engine Initialization) Total time: 49.35 seconds
[2017.03.19-10.37.58:715][  0]LogLoad: (Engine Initialization) Total Blueprint compile time: 0.24 seconds
[2017.03.19-10.37.58:715][  0]LogExternalProfiler: Found external profiler: VSPerf
[2017.03.19-10.37.58:715][  0]LogExternalProfiler: Using external profiler: VSPerf
[2017.03.19-10.37.59:058][  0]LogOcInput: OculusInput pre-init called
[2017.03.19-10.37.59:092][  0]LogContentStreaming: Texture pool size now 1000 MB
[2017.03.19-10.37.59:109][  0]LogSlate: Took 0.002867 seconds to synchronously load lazily loaded font '../../../Engine/Content/Slate/Fonts/Roboto-Regular.ttf' (155K)
[2017.03.19-10.37.59:121][  0]LogSlate: Took 0.003351 seconds to synchronously load lazily loaded font '../../../Engine/Content/Slate/Fonts/Roboto-Bold.ttf' (160K)
[2017.03.19-10.37.59:136][  0]LogSlate: Took 0.003054 seconds to synchronously load lazily loaded font '../../../Engine/Content/Editor/Slate/Fonts/FontAwesome.ttf' (139K)
[2017.03.19-10.37.59:141][  0]LogSlate: Took 0.003477 seconds to synchronously load lazily loaded font '../../../Engine/Content/Editor/Slate/Fonts/DroidSansMono.ttf' (77K)
[2017.03.19-10.37.59:479][  0]LogRenderer: Reallocating scene render targets to support 1208x576 NumSamples 1 (Frame:2).
[2017.03.19-10.38.00:015][  2]LogAssetRegistry: Asset discovery search completed in 30.8811 seconds
[2017.03.19-10.38.00:016][  2]LogCollectionManager: Rebuilt the object cache for 0 collections in 0.000017 seconds (found 0 objects)
[2017.03.19-10.38.00:016][  2]LogCollectionManager: Fixed up redirectors for 0 collections in 0.000169 seconds (updated 0 objects)
[2017.03.19-10.38.13:466][266]LogSlate: Took 0.006599 seconds to synchronously load lazily loaded font '../../../Engine/Content/Slate/Fonts/Roboto-Light.ttf' (159K)
[2017.03.19-10.38.13:489][266]Running C:/Program Files (x86)/Epic Games/UE_4.15/Engine/Binaries/DotNET/UnrealBuildTool.exe  -projectfiles -project="D:/Work/Projects/boggart/UnrealEngine/Asteroids0/Asteroids0.uproject" -game -rocket -progress
[2017.03.19-10.38.14:308][266]Discovering modules, targets and source code for project...
[2017.03.19-10.38.20:824][266]LogSlate: Took 0.000347 seconds to synchronously load lazily loaded font '../../../Engine/Content/Slate/Fonts/Roboto-Regular.ttf' (155K)
[2017.03.19-10.39.38:879][789]LogWindowsTextInputMethodSystem:Display: IME system now deactivated.
[2017.03.19-10.39.38:879][789]LogWindowsTextInputMethodSystem:Display: IME system now deactivated.
[2017.03.19-10.41.34:234][787]LogSlate: Only BGRA pngs, bmps or icos are supported in by External Image Picker
[2017.03.19-10.41.34:585][789]LogTemp:Display: Executing iPhonePackager certificates Engine -bundlename com.YourCompany.Asteroids0

[2017.03.19-10.41.34:586][789]LogTemp:Display: CWD: C:\Program Files (x86)\Epic Games\UE_4.15\Engine\Binaries\DotNET\IOS

[2017.03.19-10.41.34:586][789]LogTemp:Display: Initial Dir: C:\Program Files (x86)\Epic Games\UE_4.15

[2017.03.19-10.41.34:586][789]LogTemp:Display: Env CWD: C:\Program Files (x86)\Epic Games\UE_4.15\Engine\Binaries\DotNET\IOS

[2017.03.19-10.41.34:587][789]LogTemp:Display: BranchPath = ZENBO/C/Program Files (x86)/Epic Games/UE_4.15/Engine/Binaries --- GameBranchPath = ZENBO/C/Program Files (x86)/Epic Games/UE_4.15/Engine/Binaries

[2017.03.19-10.41.34:987][790]LogTemp:Display: IPP ERROR: Application exception: System.IO.DirectoryNotFoundException: ?? 㤠???? ????? ????? ???? "C:\Users\0bogg_000\AppData\Local\Apple Computer\MobileDevice\Provisioning Profiles".

[2017.03.19-10.41.35:113][790]LogTemp:Display: IPP ERROR: Application exception: System.IO.DirectoryNotFoundException: ?? 㤠???? ????? ????? ???? "C:\Users\0bogg_000\AppData\Local\Apple Computer\MobileDevice\Provisioning Profiles".

[2017.03.19-10.41.35:167][790]LogTemp:Display: IPP ERROR: Application exception: System.IO.DirectoryNotFoundException: ?? 㤠???? ????? ????? ???? "C:\Users\0bogg_000\AppData\Local\Apple Computer\MobileDevice\Provisioning Profiles".

[2017.03.19-10.41.35:175][790]LogTemp:Display:    ? System.IO.__Error.WinIOError(Int32 errorCode, String maybeFullPath)

[2017.03.19-10.41.35:175][790]LogTemp:Display:    ? System.IO.FileSystemEnumerableIterator`1.CommonInit()

[2017.03.19-10.41.35:175][790]LogTemp:Display:    ? System.IO.Directory.EnumerateFiles(String path, String searchPattern)

[2017.03.19-10.41.35:176][790]LogTemp:Display:    ? iPhonePackager.CodeSignatureBuilder.FindProvisions(String CFBundleIdentifier)

[2017.03.19-10.41.35:176][790]LogTemp:Display:    ? iPhonePackager.Program.Main(String[] args)

[2017.03.19-10.41.35:176][790]LogSlate: Took 0.048687 seconds to synchronously load lazily loaded font '../../../Engine/Content/SlateDebug/Fonts/LastResort.ttf' (5269K)
[2017.03.19-10.41.35:177][790]LogSlate: Took 0.125987 seconds to synchronously load lazily loaded font '../../../Engine/Content/Slate/Fonts/DroidSansFallback.ttf' (3848K)
[2017.03.19-10.42.23:911][158]LogLinker:Warning: Asset 'D:/Work/Projects/boggart/UnrealEngine/Asteroids0/Content/TwinStickCPP/TwinStickOverview.uasset' has been saved with empty engine version. The asset will be loaded but may be incompatible.
