Log file open, 03/05/17 21:15:35
LogInit:Display: Running engine for game: Asteroids0
LogPlatformFile: Not using cached read wrapper
LogInit:Display: RandInit(-121430848) SRandInit(-121430848).
LogTaskGraph: Started task graph with 5 named threads and 6 total threads with 1 sets of task threads.
LogStats: Stats thread started at 0.096490
LogInit: Using libcurl 7.47.1
LogInit:  - built for x86_64-pc-win32
LogInit:  - supports SSL with OpenSSL/1.0.2g
LogInit:  - supports HTTP deflate (compression) using libz 1.2.8
LogInit:  - other features:
LogInit:      CURL_VERSION_SSL
LogInit:      CURL_VERSION_LIBZ
LogInit:      CURL_VERSION_IPV6
LogInit:      CURL_VERSION_ASYNCHDNS
LogInit:      CURL_VERSION_LARGEFILE
LogInit:      CURL_VERSION_IDN
LogInit:  CurlRequestOptions (configurable via config and command line):
LogInit:  - bVerifyPeer = false  - Libcurl will NOT verify peer certificate
LogInit:  - bUseHttpProxy = false  - Libcurl will NOT use HTTP proxy
LogInit:  - bDontReuseConnections = false  - Libcurl will reuse connections
LogInit:  - CertBundlePath = nullptr  - Libcurl will use whatever was configured at build time.
LogInit: Build: ++UE4+Release-4.15-CL-3299760
LogInit: Engine Version: 4.15.0-3299760+++UE4+Release-4.15
LogInit: Compatible Engine Version: 4.15.0-3299760+++UE4+Release-4.15
LogInit: Net CL: 3299760
LogDevObjectVersion: Number of dev versions registered: 14
LogDevObjectVersion:   Dev-Blueprints (B0D832E4-1F89-4F0D-ACCF-7EB736FD4AA2): 8
LogDevObjectVersion:   Dev-Build (E1C64328-A22C-4D53-A36C-8E866417BD8C): 0
LogDevObjectVersion:   Dev-Core (375EC13C-06E4-48FB-B500-84F0262A717E): 2
LogDevObjectVersion:   Dev-Editor (E4B068ED-F494-42E9-A231-DA0B2E46BB41): 14
LogDevObjectVersion:   Dev-Framework (CFFC743F-43B0-4480-9391-14DF171D2073): 22
LogDevObjectVersion:   Dev-Mobile (B02B49B5-BB20-44E9-A304-32B752E40360): 0
LogDevObjectVersion:   Dev-Networking (A4E4105C-59A1-49B5-A7C5-40C4547EDFEE): 0
LogDevObjectVersion:   Dev-Online (39C831C9-5AE6-47DC-9A44-9C173E1C8E7C): 0
LogDevObjectVersion:   Dev-Physics (78F01B33-EBEA-4F98-B9B4-84EACCB95AA2): 0
LogDevObjectVersion:   Dev-Platform (6631380F-2D4D-43E0-8009-CF276956A95A): 0
LogDevObjectVersion:   Dev-Rendering (12F88B9F-8875-4AFC-A67C-D90C383ABD29): 12
LogDevObjectVersion:   Dev-Sequencer (7B5AE74C-D270-4C10-A958-57980B212A5A): 3
LogDevObjectVersion:   Dev-VR (D7296918-1DD6-4BDD-9DE2-64A83CC13884): 0
LogDevObjectVersion:   Dev-LoadTimes (C2A15278-BFE7-4AFE-6C17-90FF531DF755): 1
LogInit: Compiled (64-bit): Feb 14 2017 02:04:14
LogInit: Compiled with Visual C++: 19.00.23026.00
LogInit: Build Configuration: Development
LogInit: Branch Name: ++UE4+Release-4.15
LogInit: Command line:  
LogInit: Base directory: C:/Program Files (x86)/Epic Games/UE_4.15/Engine/Binaries/Win64/
LogInit: Installed Engine Build: 1
LogInit: Presizing for max 8388607 objects, including 0 objects not considered by GC, pre-allocating 0 bytes for permanent pool.
LogInit: Object subsystem initialized
[2017.03.05-18.15.36:915][  0]LogInit: Selected Device Profile: [Windows]
[2017.03.05-18.15.36:915][  0]LogInit: Applying CVar settings loaded from the selected device profile: [Windows]
[2017.03.05-18.15.36:929][  0]LogInit: Computer: ZENBO
[2017.03.05-18.15.36:929][  0]LogInit: User: 0bogg000
[2017.03.05-18.15.36:929][  0]LogInit: CPU Page size=65536, Cores=2
[2017.03.05-18.15.36:929][  0]LogInit: High frequency timer resolution =2.533201 MHz
[2017.03.05-18.15.36:929][  0]LogMemory: Memory total: Physical=7.9GB (8GB approx)
[2017.03.05-18.15.36:929][  0]LogMemory: Platform Memory Stats for Windows
[2017.03.05-18.15.36:929][  0]LogMemory: Process Physical Memory: 263.08 MB used, 263.08 MB peak
[2017.03.05-18.15.36:929][  0]LogMemory: Process Virtual Memory: 262.32 MB used, 262.32 MB peak
[2017.03.05-18.15.36:929][  0]LogMemory: Physical Memory: 4165.65 MB used,  3909.45 MB free, 8075.11 MB total
[2017.03.05-18.15.36:929][  0]LogMemory: Virtual Memory: 642.48 MB used,  3909.45 MB free, 134217728.00 MB total
[2017.03.05-18.15.37:131][  0]LogTextLocalizationManager: No translations for ('ru-RU') exist, falling back to 'en' for localization and internationalization data.
[2017.03.05-18.15.38:576][  0]LogD3D11RHI: D3D11 adapters:
[2017.03.05-18.15.38:632][  0]LogD3D11RHI:    0. 'NVIDIA GeForce 840M' (Feature Level 11_0)
[2017.03.05-18.15.38:632][  0]LogD3D11RHI:       2020/0/4037 MB DedicatedVideo/DedicatedSystem/SharedSystem, Outputs:1, VendorId:0x10de
[2017.03.05-18.15.38:643][  0]LogD3D11RHI:    1. 'Intel(R) HD Graphics Family' (Feature Level 11_0)
[2017.03.05-18.15.38:643][  0]LogD3D11RHI:       112/0/2048 MB DedicatedVideo/DedicatedSystem/SharedSystem, Outputs:0, VendorId:0x8086
[2017.03.05-18.15.38:645][  0]LogD3D11RHI:    2. 'Microsoft Basic Render Driver' (Feature Level 11_0)
[2017.03.05-18.15.38:645][  0]LogD3D11RHI:       0/0/4037 MB DedicatedVideo/DedicatedSystem/SharedSystem, Outputs:0, VendorId:0x1414
[2017.03.05-18.15.38:645][  0]LogD3D11RHI: Chosen D3D11 Adapter: 0
[2017.03.05-18.15.38:654][  0]LogD3D11RHI: Creating new Direct3DDevice
[2017.03.05-18.15.38:655][  0]LogD3D11RHI:     GPU DeviceId: 0x1341 (for the marketing name, search the web for "GPU Device Id")
[2017.03.05-18.15.38:655][  0]LogWindows: EnumDisplayDevices:
[2017.03.05-18.15.38:655][  0]LogWindows:    0. 'Intel(R) HD Graphics Family' (P:1 D:1)
[2017.03.05-18.15.38:655][  0]LogWindows:    1. 'Intel(R) HD Graphics Family' (P:0 D:0)
[2017.03.05-18.15.38:655][  0]LogWindows:    2. 'Intel(R) HD Graphics Family' (P:0 D:0)
[2017.03.05-18.15.38:655][  0]LogWindows: DebugString: PrimaryIsNotTheChoosenAdapter PrimaryIsNotTheChoosenAdapter PrimaryIsNotTheChoosenAdapter FoundDriverCount:0 
[2017.03.05-18.15.38:655][  0]LogD3D11RHI:     Adapter Name: NVIDIA GeForce 840M
[2017.03.05-18.15.38:655][  0]LogD3D11RHI:   Driver Version: Unknown (internal:Unknown, unified:Unknown)
[2017.03.05-18.15.38:655][  0]LogD3D11RHI:      Driver Date: Unknown
[2017.03.05-18.15.38:655][  0]LogRHI: Texture pool is 1361 MB (70% of 1945 MB)
[2017.03.05-18.15.38:680][  0]LogD3D11RHI: Async texture creation enabled
[2017.03.05-18.15.38:698][  0]LogD3D11RHI: GPU Timing Frequency: 1000.000000 (Debug: 2 1)
[2017.03.05-18.15.38:699][  0]LogShaderCompilers: Guid format shader working directory is 1 characters bigger than the processId version (D:/Work/Projects/boggart/UnrealEngine/Asteroids0/Intermediate/Shaders/WorkingDirectory/28996/).
[2017.03.05-18.15.38:700][  0]LogShaderCompilers: Cleaned the shader compiler working directory 'C:/Users/0bogg_000/AppData/Local/Temp/UnrealShaderWorkingDir/F2DCB9624CE40663071A98BFE7B7CEA4/'.
[2017.03.05-18.15.38:700][  0]LogShaderCompilers:Display: Using Local Shader Compiler.
[2017.03.05-18.15.40:424][  0]LogTemp:Display: Loaded TP AllDesktopTargetPlatform
[2017.03.05-18.15.40:499][  0]LogTemp:Display: Loaded TP MacClientTargetPlatform
[2017.03.05-18.15.40:575][  0]LogTemp:Display: Loaded TP MacNoEditorTargetPlatform
[2017.03.05-18.15.40:670][  0]LogTemp:Display: Loaded TP MacServerTargetPlatform
[2017.03.05-18.15.40:755][  0]LogTemp:Display: Loaded TP MacTargetPlatform
[2017.03.05-18.15.40:833][  0]LogTemp:Display: Loaded TP WindowsClientTargetPlatform
[2017.03.05-18.15.40:929][  0]LogTemp:Display: Loaded TP WindowsNoEditorTargetPlatform
[2017.03.05-18.15.41:037][  0]LogTemp:Display: Loaded TP WindowsServerTargetPlatform
[2017.03.05-18.15.41:124][  0]LogTemp:Display: Loaded TP WindowsTargetPlatform
[2017.03.05-18.15.41:223][  0]LogTemp:Display: Loaded TP AndroidTargetPlatform
[2017.03.05-18.15.41:336][  0]LogTemp:Display: Loaded TP Android_ASTCTargetPlatform
[2017.03.05-18.15.41:441][  0]LogTemp:Display: Loaded TP Android_ATCTargetPlatform
[2017.03.05-18.15.41:536][  0]LogTemp:Display: Loaded TP Android_DXTTargetPlatform
[2017.03.05-18.15.41:631][  0]LogTemp:Display: Loaded TP Android_ETC1TargetPlatform
[2017.03.05-18.15.41:726][  0]LogTemp:Display: Loaded TP Android_ETC2TargetPlatform
[2017.03.05-18.15.41:919][  0]LogTemp:Display: Loaded TP Android_MultiTargetPlatform
[2017.03.05-18.15.41:919][  0]LogTemp:Display: Loaded TP Android_PVRTCTargetPlatform
[2017.03.05-18.15.41:989][  0]LogTemp:Display: Loaded TP HTML5TargetPlatform
[2017.03.05-18.15.42:151][  0]LogTemp:Display: Loaded TP IOSTargetPlatform
[2017.03.05-18.15.42:226][  0]LogTemp:Display: Loaded TP TVOSTargetPlatform
[2017.03.05-18.15.42:312][  0]LogTemp:Display: Loaded TP LinuxClientTargetPlatform
[2017.03.05-18.15.42:412][  0]LogTemp:Display: Loaded TP LinuxNoEditorTargetPlatform
[2017.03.05-18.15.42:504][  0]LogTemp:Display: Loaded TP LinuxServerTargetPlatform
[2017.03.05-18.15.42:604][  0]LogTemp:Display: Loaded TP LinuxTargetPlatform
[2017.03.05-18.15.42:604][  0]LogTargetPlatformManager:Display: Building Assets For Windows
[2017.03.05-18.15.43:410][  0]LogDerivedDataCache:Display: Max Cache Size: 512 MB
[2017.03.05-18.15.43:658][  0]LogDerivedDataCache: Loaded boot cache 0.25s 51MB C:/Users/0bogg_000/AppData/Local/UnrealEngine/4.15/DerivedDataCache/Boot.ddc.
[2017.03.05-18.15.43:658][  0]LogDerivedDataCache:Display: Loaded Boot cache: C:/Users/0bogg_000/AppData/Local/UnrealEngine/4.15/DerivedDataCache/Boot.ddc
[2017.03.05-18.15.43:658][  0]LogDerivedDataCache: FDerivedDataBackendGraph:  Pak pak cache file D:/Work/Projects/boggart/UnrealEngine/Asteroids0/DerivedDataCache/DDC.ddp not found, will not use a pak cache.
[2017.03.05-18.15.43:658][  0]LogDerivedDataCache: Unable to find inner node Pak for hierarchical cache Hierarchy.
[2017.03.05-18.15.43:658][  0]LogDerivedDataCache: FDerivedDataBackendGraph:  CompressedPak pak cache file D:/Work/Projects/boggart/UnrealEngine/Asteroids0/DerivedDataCache/Compressed.ddp not found, will not use a pak cache.
[2017.03.05-18.15.43:658][  0]LogDerivedDataCache: Unable to find inner node CompressedPak for hierarchical cache Hierarchy.
[2017.03.05-18.15.43:690][  0]LogDerivedDataCache:Display: Pak cache opened for reading ../../../Engine/DerivedDataCache/Compressed.ddp.
[2017.03.05-18.15.43:703][  0]LogDerivedDataCache: Using Local data cache path C:/Users/0bogg_000/AppData/Local/UnrealEngine/Common/DerivedDataCache: Writable
[2017.03.05-18.15.43:718][  0]LogSlate: Using Freetype 2.6.0
[2017.03.05-18.15.43:721][  0]LogSlate: SlateFontCache - WITH_FREETYPE: 1, WITH_HARFBUZZ: 1
[2017.03.05-18.15.43:722][  0]LogSlate: SlateFontCache - WITH_FREETYPE: 1, WITH_HARFBUZZ: 1
[2017.03.05-18.15.44:466][  0]LogInit: Selected Device Profile: [Windows]
[2017.03.05-18.15.44:470][  0]LogContentStreaming: Texture pool size is 0.00 MB
[2017.03.05-18.15.44:871][  0]LogMeshUtilities: Using QuadricMeshReduction for automatic static mesh reduction
[2017.03.05-18.15.44:948][  0]LogSimplygon: Simplygon DLL not present - disabling.
[2017.03.05-18.15.45:033][  0]LogMeshUtilities: Using SimplygonSwarm for distributed automatic mesh merging
[2017.03.05-18.15.45:033][  0]LogMeshUtilities: No automatic skeletal mesh reduction module available
[2017.03.05-18.15.45:033][  0]LogMeshUtilities: No automatic mesh merging module available
[2017.03.05-18.15.45:921][  0]LogNetVersion: GetLocalNetworkVersion: CL: 3299760, ProjectName: asteroids0, ProjectVersion: , EngineNetworkVersion: 2, GameNetworkVersion: 0, NetworkChecksum: 1240005655
[2017.03.05-18.15.45:989][  0]LogAssetRegistry: FAssetRegistry took 0.0225 seconds to start up
[2017.03.05-18.15.46:052][  0]LogPackageLocalizationCache: Processed 3 localized package path(s) for 1 prioritized culture(s) in 0.015492 seconds
[2017.03.05-18.15.46:061][  0]LogUObjectArray: 32475 objects as part of root set at end of initial load.
[2017.03.05-18.15.46:061][  0]LogUObjectAllocator: 7073360 out of 0 bytes used by permanent object pool.
[2017.03.05-18.15.46:061][  0]LogUObjectArray: CloseDisregardForGC: 0/0 objects in disregard for GC pool
[2017.03.05-18.15.46:192][  0]LogInit: WinSock: version 1.1 (2.2), MaxSocks=32767, MaxUdp=65467
[2017.03.05-18.15.49:624][  0]LogTcpMessaging: Initializing TcpMessaging bridge
[2017.03.05-18.15.49:681][  0]LogUdpMessaging: Initializing bridge on interface 0.0.0.0:0 to multicast group 230.0.0.1:6666.
[2017.03.05-18.15.50:504][  0]LogMaterial: Uniform references updated for custom material expression Custom.
[2017.03.05-18.15.51:132][  0]SourceControl: Info Source control is disabled
[2017.03.05-18.15.51:263][  0]SourceControl: Info Source control is disabled
[2017.03.05-18.15.51:350][  0]SourceControl: Info Source control is disabled
[2017.03.05-18.15.51:427][  0]SourceControl: Info Source control is disabled
[2017.03.05-18.15.53:516][  0]LogEngine: Initializing Engine...
[2017.03.05-18.15.53:517][  0]LogHMD: Failed to initialize OpenVR with code 110
[2017.03.05-18.15.53:896][  0]LogAIModule: Creating AISystem for world Untitled
[2017.03.05-18.15.53:907][  0]LogInit: XAudio2 using 'Динамики (Conexant SmartAudio HD)' : 2 channels at 48 kHz using 32 bits per sample (channel mask 0x3)
[2017.03.05-18.15.53:930][  0]LogInit: FAudioDevice initialized.
[2017.03.05-18.15.53:969][  0]LogDerivedDataCache: Saved boot cache 0.04s 51MB C:/Users/0bogg_000/AppData/Local/UnrealEngine/4.15/DerivedDataCache/Boot.ddc.
[2017.03.05-18.15.53:974][  0]LogInit: Texture streaming: Enabled
[2017.03.05-18.15.54:134][  0]LogEngineSessionManager: EngineSessionManager initialized
[2017.03.05-18.15.54:281][  0]LogInit: Transaction tracking system initialized
[2017.03.05-18.15.54:892][  0]BlueprintLog: New page: Editor Load
[2017.03.05-18.15.56:486][  0]LocalizationService: Info Localization service is disabled
[2017.03.05-18.15.57:593][  0]LogConsoleResponse:Display: 
[2017.03.05-18.15.57:837][  0]LogCook:Display: Max memory allowance for cook 16384mb min free memory 0mb
[2017.03.05-18.15.57:837][  0]LogCook:Display: Mobile HDR setting 1
[2017.03.05-18.15.58:575][  0]LogFileCache: Scanning file cache for directory 'D:/Work/Projects/boggart/UnrealEngine/Asteroids0/Content/' took 0.01s
[2017.03.05-18.15.59:138][  0]SourceControl: Info Source control is disabled
[2017.03.05-18.15.59:138][  0]Cmd: MAP LOAD FILE="D:/Work/Projects/boggart/UnrealEngine/Asteroids0/Content/TwinStickCPP/Maps/TwinStickExampleMap.umap" TEMPLATE=0 SHOWPROGRESS=1 FEATURELEVEL=3
[2017.03.05-18.15.59:139][  0]LightingResults: New page: Lighting Build
[2017.03.05-18.15.59:184][  0]MapCheck: New page: Map Check
[2017.03.05-18.15.59:184][  0]LightingResults: New page: Lighting Build
[2017.03.05-18.15.59:466][  0]LogAIModule: Creating AISystem for world TwinStickExampleMap
[2017.03.05-18.15.59:476][  0]LogEditorServer: Finished looking for orphan Actors (0.000 secs)
[2017.03.05-18.15.59:477][  0]Cmd: MAP CHECKDEP NOCLEARLOG
[2017.03.05-18.15.59:526][  0]MapCheck: Info Map check complete: 0 Error(s), 0 Warning(s), took 48.003ms to complete.
[2017.03.05-18.15.59:526][  0]LogFileHelpers: Loading map 'TwinStickExampleMap' took 0.388
[2017.03.05-18.15.59:720][  0]LogCollectionManager: Loaded 0 collections in 0.001613 seconds
[2017.03.05-18.15.59:804][  0]LogFileCache: Scanning file cache for directory 'D:/Work/Projects/boggart/UnrealEngine/Asteroids0/Saved/Collections/' took 0.01s
[2017.03.05-18.15.59:804][  0]LogFileCache: Scanning file cache for directory 'D:/Work/Projects/boggart/UnrealEngine/Asteroids0/Content/Developers/0bogg000/Collections/' took 0.01s
[2017.03.05-18.15.59:804][  0]LogFileCache: Scanning file cache for directory 'D:/Work/Projects/boggart/UnrealEngine/Asteroids0/Content/Collections/' took 0.01s
[2017.03.05-18.15.59:804][  0]LogCollectionManager: Rebuilt the GUID cache for 0 collections in 0.000002 seconds
[2017.03.05-18.15.59:815][  0]LogContentBrowser: Native class hierarchy populated in 0.0106 seconds. Added 2247 classes and 452 folders.
[2017.03.05-18.15.59:818][  0]LogStats: UGameplayTagsManager::ConstructGameplayTagTree: Construct from data asset -  0.000 s
[2017.03.05-18.15.59:818][  0]LogStats: UGameplayTagsManager::ConstructGameplayTagTree: GameplayTagTreeChangedEvent.Broadcast -  0.000 s
[2017.03.05-18.15.59:889][  0]LogContentBrowser: Native class hierarchy updated for 'WidgetCarousel' in 0.0011 seconds. Added 0 classes and 0 folders.
[2017.03.05-18.16.00:026][  0]LogContentBrowser: Native class hierarchy updated for 'AddContentDialog' in 0.0011 seconds. Added 0 classes and 0 folders.
[2017.03.05-18.16.00:075][  0]LogContentBrowser: Native class hierarchy updated for 'SceneOutliner' in 0.0012 seconds. Added 1 classes and 2 folders.
[2017.03.05-18.16.00:130][  0]LogCrashTracker: Crashtracker disabled due to settings.
[2017.03.05-18.16.00:139][  0]LogUObjectGlobals:Warning: Failed to find object 'Class None.'
[2017.03.05-18.16.00:221][  0]LogContentBrowser: Native class hierarchy updated for 'HierarchicalLODOutliner' in 0.0012 seconds. Added 1 classes and 2 folders.
[2017.03.05-18.16.00:221][  0]LogLoad: (Engine Initialization) Total time: 26.31 seconds
[2017.03.05-18.16.00:221][  0]LogLoad: (Engine Initialization) Total Blueprint compile time: 0.13 seconds
[2017.03.05-18.16.00:221][  0]LogExternalProfiler: Found external profiler: VSPerf
[2017.03.05-18.16.00:221][  0]LogExternalProfiler: Using external profiler: VSPerf
[2017.03.05-18.16.00:560][  0]LogOcInput: OculusInput pre-init called
[2017.03.05-18.16.00:582][  0]LogContentStreaming: Texture pool size now 1000 MB
[2017.03.05-18.16.00:682][  0]LogSlate: Took 0.097778 seconds to synchronously load lazily loaded font '../../../Engine/Content/Slate/Fonts/Roboto-Regular.ttf' (155K)
[2017.03.05-18.16.00:874][  0]LogSlate: Took 0.187763 seconds to synchronously load lazily loaded font '../../../Engine/Content/Slate/Fonts/Roboto-Bold.ttf' (160K)
[2017.03.05-18.16.00:882][  0]LogSlate: Took 0.002257 seconds to synchronously load lazily loaded font '../../../Engine/Content/Editor/Slate/Fonts/FontAwesome.ttf' (139K)
[2017.03.05-18.16.00:973][  0]LogSlate: Took 0.000302 seconds to synchronously load lazily loaded font '../../../Engine/Content/Slate/Fonts/Roboto-Light.ttf' (159K)
[2017.03.05-18.16.01:039][  0]LogRenderer: Reallocating scene render targets to support 1208x576 NumSamples 1 (Frame:2).
[2017.03.05-18.16.01:182][  1]LogAssetRegistry: Asset discovery search completed in 15.2150 seconds
[2017.03.05-18.16.01:182][  1]LogCollectionManager: Rebuilt the object cache for 0 collections in 0.000006 seconds (found 0 objects)
[2017.03.05-18.16.01:182][  1]LogCollectionManager: Fixed up redirectors for 0 collections in 0.000021 seconds (updated 0 objects)
[2017.03.05-18.32.49:778][431]LogVSAccessor:Warning: Couldn't save all documents
[2017.03.05-18.32.49:805][431]Recompiling Asteroids0...
[2017.03.05-18.32.49:806][431]Launching UnrealBuildTool... [C:/Program Files (x86)/Epic Games/UE_4.15/Engine/Binaries/DotNET/UnrealBuildTool.exe Asteroids0 -ModuleWithSuffix Asteroids0 6067 Win64 Development -editorrecompile -canskiplink "D:/Work/Projects/boggart/UnrealEngine/Asteroids0/Asteroids0.uproject" ]
[2017.03.05-18.32.49:975][431]Warning: Starting HotReload took  0.5s.
[2017.03.05-18.33.07:404][190]LogSlate: Took 0.025105 seconds to synchronously load lazily loaded font '../../../Engine/Content/Editor/Slate/Fonts/Roboto-Italic.ttf' (157K)
[2017.03.05-18.33.10:852][319]LogSlate: Took 0.022283 seconds to synchronously load lazily loaded font '../../../Engine/Content/Slate/Fonts/Roboto-Light.ttf' (159K)
[2017.03.05-18.33.11:899][351]CompilerResultsLog: New page: Compilation - Mar 6, 2017, 12:33:11 AM
[2017.03.05-18.33.11:899][351]CompilerResultsLog: Info Creating makefile for hot reloading Asteroids0 (modules to compile have changed)
[2017.03.05-18.33.11:899][351]CompilerResultsLog: Info Compiling game modules for hot reload
[2017.03.05-18.33.11:900][351]CompilerResultsLog: Info Target is up to date
[2017.03.05-18.33.11:900][351]CompilerResultsLog: Info Total build time: 20,37 seconds (NoActionsToExecute executor: 0,01 seconds)
[2017.03.05-18.33.11:900][351]LogMainFrame: MainFrame: Module compiling took 22.120 seconds
[2017.03.05-18.33.12:089][351]LogContentBrowser: Native class hierarchy populated in 0.0252 seconds. Added 2249 classes and 456 folders.
[2017.03.05-18.33.12:095][351]Display: HotReload took 22.7s.
[2017.03.05-18.33.17:752][667]LogAsteroids0: /Game/TwinStick/Meshes/TwinStickUFO.TwinStickUFO
[2017.03.05-18.33.36:557][147]LogAsteroids0: /Game/StarterContent/Architecture/Wall_400x200.Wall_400x200
[2017.03.05-18.33.40:426][317]LogAsteroids0: /Game/TwinStick/Meshes/TwinStickUFO.TwinStickUFO
[2017.03.05-18.33.42:854][416]LogVSAccessor:Warning: Couldn't save all documents
[2017.03.05-18.33.42:861][416]Recompiling Asteroids0...
[2017.03.05-18.33.42:861][416]Launching UnrealBuildTool... [C:/Program Files (x86)/Epic Games/UE_4.15/Engine/Binaries/DotNET/UnrealBuildTool.exe Asteroids0 -ModuleWithSuffix Asteroids0 5937 Win64 Development -editorrecompile -canskiplink "D:/Work/Projects/boggart/UnrealEngine/Asteroids0/Asteroids0.uproject" ]
[2017.03.05-18.33.42:872][416]Warning: Starting HotReload took  0.0s.
[2017.03.05-18.33.45:020][501]CompilerResultsLog: New page: Compilation - Mar 6, 2017, 12:33:45 AM
[2017.03.05-18.33.45:020][501]CompilerResultsLog: Info Compiling game modules for hot reload
[2017.03.05-18.33.45:020][501]CompilerResultsLog: Info Target is up to date
[2017.03.05-18.33.45:020][501]CompilerResultsLog: Info Total build time: 1,07 seconds (NoActionsToExecute executor: 0,01 seconds)
[2017.03.05-18.33.45:021][501]LogMainFrame: MainFrame: Module compiling took 2.165 seconds
[2017.03.05-18.33.45:082][501]LogContentBrowser: Native class hierarchy populated in 0.0193 seconds. Added 2249 classes and 456 folders.
[2017.03.05-18.33.45:082][501]Display: HotReload took  2.3s.
[2017.03.05-18.33.46:606][565]LogTemp: Repeting last play command: Selected Viewport
[2017.03.05-18.33.46:633][565]LogBlueprintUserMessages: Early PlayInEditor Detection: Level '/Game/TwinStickCPP/Maps/TwinStickExampleMap.TwinStickExampleMap:PersistentLevel' has LevelScriptBlueprint '/Game/TwinStickCPP/Maps/TwinStickExampleMap.TwinStickExampleMap:PersistentLevel.TwinStickExampleMap' with GeneratedClass '/Game/TwinStickCPP/Maps/TwinStickExampleMap.TwinStickExampleMap_C' with ClassGeneratedBy '/Game/TwinStickCPP/Maps/TwinStickExampleMap.TwinStickExampleMap:PersistentLevel.TwinStickExampleMap'
[2017.03.05-18.33.46:635][565]LogPlayLevel: PlayLevel: No blueprints needed recompiling
[2017.03.05-18.33.46:639][565]PIE: New page: PIE session: TwinStickExampleMap (Mar 6, 2017, 12:33:46 AM)
[2017.03.05-18.33.46:640][565]LogPlayLevel: Creating play world package: /Game/TwinStickCPP/Maps/UEDPIE_0_TwinStickExampleMap
[2017.03.05-18.33.46:761][565]LogPlayLevel: PIE: StaticDuplicateObject took: (0.119572s)
[2017.03.05-18.33.46:763][565]LogAIModule: Creating AISystem for world TwinStickExampleMap
[2017.03.05-18.33.46:763][565]LogPlayLevel: PIE: World Init took: (0.002628s)
[2017.03.05-18.33.46:765][565]LogPlayLevel: PIE: Created PIE world by copying editor world from /Game/TwinStickCPP/Maps/TwinStickExampleMap.TwinStickExampleMap to /Game/TwinStickCPP/Maps/UEDPIE_0_TwinStickExampleMap.TwinStickExampleMap (0.124264s)
[2017.03.05-18.33.46:847][565]LogInit: XAudio2 using 'Динамики (Conexant SmartAudio HD)' : 2 channels at 48 kHz using 32 bits per sample (channel mask 0x3)
[2017.03.05-18.33.46:874][565]LogInit: FAudioDevice initialized.
[2017.03.05-18.33.46:947][565]LogLoad: Game class is 'Asteroids0GameMode'
[2017.03.05-18.33.46:961][565]LogWorld: Bringing World /Game/TwinStickCPP/Maps/UEDPIE_0_TwinStickExampleMap.TwinStickExampleMap up for play (max tick rate 60) at 2017.03.05-21.33.46
[2017.03.05-18.33.46:964][565]LogWorld: Bringing up level for play took: 0.005107
[2017.03.05-18.33.49:598][565]LogContentBrowser: Native class hierarchy updated for 'MovieSceneCapture' in 0.0027 seconds. Added 11 classes and 0 folders.
[2017.03.05-18.33.49:602][565]PIE: Info Play in editor start time for /Game/TwinStickCPP/Maps/UEDPIE_0_TwinStickExampleMap 2.088
[2017.03.05-18.33.49:602][565]LogBlueprintUserMessages: Late PlayInEditor Detection: Level '/Game/TwinStickCPP/Maps/TwinStickExampleMap.TwinStickExampleMap:PersistentLevel' has LevelScriptBlueprint '/Game/TwinStickCPP/Maps/TwinStickExampleMap.TwinStickExampleMap:PersistentLevel.TwinStickExampleMap' with GeneratedClass '/Game/TwinStickCPP/Maps/TwinStickExampleMap.TwinStickExampleMap_C' with ClassGeneratedBy '/Game/TwinStickCPP/Maps/TwinStickExampleMap.TwinStickExampleMap:PersistentLevel.TwinStickExampleMap'
[2017.03.05-18.34.04:537][322]LogBlueprintUserMessages: Early EndPlayMap Detection: Level '/Game/TwinStickCPP/Maps/TwinStickExampleMap.TwinStickExampleMap:PersistentLevel' has LevelScriptBlueprint '/Game/TwinStickCPP/Maps/TwinStickExampleMap.TwinStickExampleMap:PersistentLevel.TwinStickExampleMap' with GeneratedClass '/Game/TwinStickCPP/Maps/TwinStickExampleMap.TwinStickExampleMap_C' with ClassGeneratedBy '/Game/TwinStickCPP/Maps/TwinStickExampleMap.TwinStickExampleMap:PersistentLevel.TwinStickExampleMap'
[2017.03.05-18.34.04:795][322]LogBlueprintUserMessages: Late EndPlayMap Detection: Level '/Game/TwinStickCPP/Maps/TwinStickExampleMap.TwinStickExampleMap:PersistentLevel' has LevelScriptBlueprint '/Game/TwinStickCPP/Maps/TwinStickExampleMap.TwinStickExampleMap:PersistentLevel.TwinStickExampleMap' with GeneratedClass '/Game/TwinStickCPP/Maps/TwinStickExampleMap.TwinStickExampleMap_C' with ClassGeneratedBy '/Game/TwinStickCPP/Maps/TwinStickExampleMap.TwinStickExampleMap:PersistentLevel.TwinStickExampleMap'
[2017.03.05-18.35.10:767][225]LogSlate: Took 0.003948 seconds to synchronously load lazily loaded font '../../../Engine/Content/Editor/Slate/Fonts/DroidSansMono.ttf' (77K)
[2017.03.05-18.35.21:222][584]LogAsteroids0: Ship mesh changed to valid asset
[2017.03.05-18.35.21:222][584]LogAsteroids0: /Game/TwinStick/Meshes/TwinStickProjectile.TwinStickProjectile
[2017.03.05-18.35.26:170][704]LogAsteroids0: /Game/TwinStick/Meshes/TwinStickUFO.TwinStickUFO
[2017.03.05-18.35.52:836][843]LogSlate: Took 0.000313 seconds to synchronously load lazily loaded font '../../../Engine/Content/Slate/Fonts/Roboto-Light.ttf' (159K)
[2017.03.05-18.35.53:520][843]LogSavePackage: Save=378.38ms
[2017.03.05-18.35.53:520][843]LogSavePackage: Moving 'D:/Work/Projects/boggart/UnrealEngine/Asteroids0/Saved/TwinStickExampleMap_Auto1AF95F4B04D4F2AD8C0F4E8A79E095734.tmp' to 'D:/Work/Projects/boggart/UnrealEngine/Asteroids0/Saved/Autosaves/Game/TwinStickCPP/Maps/TwinStickExampleMap_Auto1.umap'
[2017.03.05-18.35.53:522][843]LogSavePackage:Display: Finished SavePackage D:/Work/Projects/boggart/UnrealEngine/Asteroids0/Saved/Autosaves/Game/TwinStickCPP/Maps/TwinStickExampleMap_Auto1.umap
[2017.03.05-18.35.53:528][843]LogFileHelpers: Editor autosave (incl. sublevels) for '/Game/TwinStickCPP/Maps/TwinStickExampleMap' took 0.452
[2017.03.05-18.35.53:529][843]LogFileHelpers: Editor autosave (incl. sublevels) for all levels took 0.452
[2017.03.05-18.37.32:069][262]LogVSAccessor:Warning: Couldn't save all documents
[2017.03.05-18.37.32:075][262]Recompiling Asteroids0...
[2017.03.05-18.37.32:075][262]Launching UnrealBuildTool... [C:/Program Files (x86)/Epic Games/UE_4.15/Engine/Binaries/DotNET/UnrealBuildTool.exe Asteroids0 -ModuleWithSuffix Asteroids0 8504 Win64 Development -editorrecompile -canskiplink "D:/Work/Projects/boggart/UnrealEngine/Asteroids0/Asteroids0.uproject" ]
[2017.03.05-18.37.32:086][262]Warning: Starting HotReload took  6.2s.
[2017.03.05-18.37.53:208][978]CompilerResultsLog: New page: Compilation - Mar 6, 2017, 12:37:53 AM
[2017.03.05-18.37.53:208][978]CompilerResultsLog: Info Compiling game modules for hot reload
[2017.03.05-18.37.53:209][978]CompilerResultsLog: Info Performing 3 actions (2 in parallel)
[2017.03.05-18.37.53:209][978]CompilerResultsLog: Info Asteroids0Pawn.cpp
[2017.03.05-18.37.53:209][978]CompilerResultsLog: Info [2/3] Link UE4Editor-Asteroids0-8504.dll
[2017.03.05-18.37.53:209][978]CompilerResultsLog: Info [3/3] Link UE4Editor-Asteroids0-8504.lib
[2017.03.05-18.37.53:209][978]CompilerResultsLog: Info    ????????? ?????????? D:\Work\Projects\boggart\UnrealEngine\Asteroids0\Intermediate\Build\Win64\UE4Editor\Development\UE4Editor-Asteroids0-8504.lib ? ?????? D:\Work\Projects\boggart\UnrealEngine\Asteroids0\Intermediate\Build\Win64\UE4Editor\Development\UE4Editor-Asteroids0-8504.exp
[2017.03.05-18.37.53:211][978]CompilerResultsLog: Info    ????????? ?????????? D:\Work\Projects\boggart\UnrealEngine\Asteroids0\Intermediate\Build\Win64\UE4Editor\Development\UE4Editor-Asteroids0-8504.suppressed.lib ? ?????? D:\Work\Projects\boggart\UnrealEngine\Asteroids0\Intermediate\Build\Win64\UE4Editor\Development\UE4Editor-Asteroids0-8504.suppressed.exp
[2017.03.05-18.37.53:212][978]CompilerResultsLog: Info Total build time: 20,03 seconds (Local executor: 18,62 seconds)
[2017.03.05-18.37.53:212][978]LogMainFrame: MainFrame: Module compiling took 21.142 seconds
[2017.03.05-18.37.53:403][978]LogContentBrowser: Native class hierarchy updated for 'Asteroids0' in 0.0033 seconds. Added 3 classes and 2 folders.
[2017.03.05-18.37.53:406][978]Display: HotReload successful (1 functions remapped  0 scriptstructs remapped)
[2017.03.05-18.37.53:498][978]LogContentBrowser: Native class hierarchy populated in 0.0240 seconds. Added 2249 classes and 456 folders.
[2017.03.05-18.37.53:498][978]Display: HotReload took 27.6s.
[2017.03.05-18.38.08:204][205]LogAsteroids0: /Game/StarterContent/Architecture/Wall_400x200.Wall_400x200
[2017.03.05-18.38.14:234][424]LogAsteroids0: /Game/TwinStick/Meshes/TwinStickUFO.TwinStickUFO
[2017.03.05-18.39.31:775][818]LogHotReload: New module detected: UE4Editor-Asteroids0-8415.dll
[2017.03.05-18.39.35:634][830]LogHotReload: Starting Hot-Reload from IDE
[2017.03.05-18.39.35:994][830]LogContentBrowser: Native class hierarchy updated for 'Asteroids0' in 0.0015 seconds. Added 3 classes and 2 folders.
[2017.03.05-18.39.35:996][830]Display: HotReload successful (1 functions remapped  0 scriptstructs remapped)
[2017.03.05-18.39.36:079][830]LogContentBrowser: Native class hierarchy populated in 0.0220 seconds. Added 2249 classes and 456 folders.
[2017.03.05-18.39.36:122][830]Display: HotReload took  0.5s.
[2017.03.05-18.41.12:624][261]LogAsteroids0: Ship mesh changed to valid asset
[2017.03.05-18.41.12:624][261]LogAsteroids0: /Game/TwinStick/Meshes/TwinStickProjectile.TwinStickProjectile
[2017.03.05-18.41.15:940][348]LogAsteroids0: /Game/TwinStick/Meshes/TwinStickUFO.TwinStickUFO
[2017.03.05-18.41.22:528][600]LogAsteroids0: /Game/StarterContent/Architecture/Wall_400x200.Wall_400x200
[2017.03.05-18.41.26:578][747]LogAsteroids0: /Game/TwinStick/Meshes/TwinStickUFO.TwinStickUFO
[2017.03.05-18.42.35:057][130]LogVSAccessor:Warning: Couldn't save all documents
[2017.03.05-18.42.35:085][130]Recompiling Asteroids0...
[2017.03.05-18.42.35:085][130]Launching UnrealBuildTool... [C:/Program Files (x86)/Epic Games/UE_4.15/Engine/Binaries/DotNET/UnrealBuildTool.exe Asteroids0 -ModuleWithSuffix Asteroids0 5206 Win64 Development -editorrecompile -canskiplink "D:/Work/Projects/boggart/UnrealEngine/Asteroids0/Asteroids0.uproject" ]
[2017.03.05-18.42.35:116][130]Warning: Starting HotReload took  0.2s.
[2017.03.05-18.42.58:877][819]CompilerResultsLog: New page: Compilation - Mar 6, 2017, 12:42:58 AM
[2017.03.05-18.42.58:877][819]CompilerResultsLog: Info Creating makefile for hot reloading Asteroids0 (modules to compile have changed)
[2017.03.05-18.42.58:877][819]CompilerResultsLog: Info Compiling game modules for hot reload
[2017.03.05-18.42.58:878][819]CompilerResultsLog: Info Parsing headers for Asteroids0Editor
[2017.03.05-18.42.58:878][819]CompilerResultsLog: Info   Running UnrealHeaderTool "D:\Work\Projects\boggart\UnrealEngine\Asteroids0\Asteroids0.uproject" "D:\Work\Projects\boggart\UnrealEngine\Asteroids0\Intermediate\Build\Win64\Asteroids0Editor\Development\Asteroids0Editor.uhtmanifest" -LogCmds="loginit warning, logexit warning, logdatabase error" -Unattended -WarningsAsErrors -installed
[2017.03.05-18.42.58:879][819]CompilerResultsLog: Info Reflection code generated for Asteroids0Editor in 9,3689557 seconds
[2017.03.05-18.42.58:879][819]CompilerResultsLog: Info Performing 3 actions (2 in parallel)
[2017.03.05-18.42.58:879][819]CompilerResultsLog: Info Asteroids0Pawn.cpp
[2017.03.05-18.42.58:879][819]CompilerResultsLog: Info [2/3] Link UE4Editor-Asteroids0-5206.dll
[2017.03.05-18.42.58:879][819]CompilerResultsLog: Info [3/3] Link UE4Editor-Asteroids0-5206.lib
[2017.03.05-18.42.58:879][819]CompilerResultsLog: Info    ????????? ?????????? D:\Work\Projects\boggart\UnrealEngine\Asteroids0\Intermediate\Build\Win64\UE4Editor\Development\UE4Editor-Asteroids0-5206.lib ? ?????? D:\Work\Projects\boggart\UnrealEngine\Asteroids0\Intermediate\Build\Win64\UE4Editor\Development\UE4Editor-Asteroids0-5206.exp
[2017.03.05-18.42.58:880][819]CompilerResultsLog: Info    ????????? ?????????? D:\Work\Projects\boggart\UnrealEngine\Asteroids0\Intermediate\Build\Win64\UE4Editor\Development\UE4Editor-Asteroids0-5206.suppressed.lib ? ?????? D:\Work\Projects\boggart\UnrealEngine\Asteroids0\Intermediate\Build\Win64\UE4Editor\Development\UE4Editor-Asteroids0-5206.suppressed.exp
[2017.03.05-18.42.58:881][819]CompilerResultsLog: Info Total build time: 22,85 seconds (Local executor: 7,61 seconds)
[2017.03.05-18.42.58:881][819]LogMainFrame: MainFrame: Module compiling took 23.803 seconds
[2017.03.05-18.42.59:009][819]LogContentBrowser: Native class hierarchy updated for 'Asteroids0' in 0.0021 seconds. Added 3 classes and 2 folders.
[2017.03.05-18.42.59:012][819]Display: HotReload successful (1 functions remapped  0 scriptstructs remapped)
[2017.03.05-18.42.59:074][819]LogContentBrowser: Native class hierarchy populated in 0.0160 seconds. Added 2249 classes and 456 folders.
[2017.03.05-18.42.59:074][819]Display: HotReload took 24.1s.
[2017.03.05-18.43.08:036][129]LogAsteroids0: Ship mesh changed to valid asset
[2017.03.05-18.43.08:036][129]LogAsteroids0: /Game/TwinStick/Meshes/TwinStickProjectile.TwinStickProjectile
[2017.03.05-18.43.11:148][212]LogAsteroids0: /Game/TwinStick/Meshes/TwinStickUFO.TwinStickUFO
[2017.03.05-18.43.14:616][339]LogTemp: Repeting last play command: Selected Viewport
[2017.03.05-18.43.14:634][339]LogBlueprintUserMessages: Early PlayInEditor Detection: Level '/Game/TwinStickCPP/Maps/TwinStickExampleMap.TwinStickExampleMap:PersistentLevel' has LevelScriptBlueprint '/Game/TwinStickCPP/Maps/TwinStickExampleMap.TwinStickExampleMap:PersistentLevel.TwinStickExampleMap' with GeneratedClass '/Game/TwinStickCPP/Maps/TwinStickExampleMap.TwinStickExampleMap_C' with ClassGeneratedBy '/Game/TwinStickCPP/Maps/TwinStickExampleMap.TwinStickExampleMap:PersistentLevel.TwinStickExampleMap'
[2017.03.05-18.43.14:634][339]LogPlayLevel: PlayLevel: No blueprints needed recompiling
[2017.03.05-18.43.14:635][339]PIE: New page: PIE session: TwinStickExampleMap (Mar 6, 2017, 12:43:14 AM)
[2017.03.05-18.43.14:635][339]LogPlayLevel: Creating play world package: /Game/TwinStickCPP/Maps/UEDPIE_0_TwinStickExampleMap
[2017.03.05-18.43.14:669][339]LogPlayLevel: PIE: StaticDuplicateObject took: (0.033695s)
[2017.03.05-18.43.14:670][339]LogAIModule: Creating AISystem for world TwinStickExampleMap
[2017.03.05-18.43.14:671][339]LogPlayLevel: PIE: World Init took: (0.001700s)
[2017.03.05-18.43.14:671][339]LogPlayLevel: PIE: Created PIE world by copying editor world from /Game/TwinStickCPP/Maps/TwinStickExampleMap.TwinStickExampleMap to /Game/TwinStickCPP/Maps/UEDPIE_0_TwinStickExampleMap.TwinStickExampleMap (0.036513s)
[2017.03.05-18.43.14:756][339]LogInit: XAudio2 using 'Динамики (Conexant SmartAudio HD)' : 2 channels at 48 kHz using 32 bits per sample (channel mask 0x3)
[2017.03.05-18.43.14:777][339]LogInit: FAudioDevice initialized.
[2017.03.05-18.43.14:812][339]LogLoad: Game class is 'Asteroids0GameMode'
[2017.03.05-18.43.14:815][339]LogWorld: Bringing World /Game/TwinStickCPP/Maps/UEDPIE_0_TwinStickExampleMap.TwinStickExampleMap up for play (max tick rate 60) at 2017.03.05-21.43.14
[2017.03.05-18.43.14:816][339]LogWorld: Bringing up level for play took: 0.003558
[2017.03.05-18.43.14:818][339]PIE: Info Play in editor start time for /Game/TwinStickCPP/Maps/UEDPIE_0_TwinStickExampleMap -0.695
[2017.03.05-18.43.14:819][339]LogBlueprintUserMessages: Late PlayInEditor Detection: Level '/Game/TwinStickCPP/Maps/TwinStickExampleMap.TwinStickExampleMap:PersistentLevel' has LevelScriptBlueprint '/Game/TwinStickCPP/Maps/TwinStickExampleMap.TwinStickExampleMap:PersistentLevel.TwinStickExampleMap' with GeneratedClass '/Game/TwinStickCPP/Maps/TwinStickExampleMap.TwinStickExampleMap_C' with ClassGeneratedBy '/Game/TwinStickCPP/Maps/TwinStickExampleMap.TwinStickExampleMap:PersistentLevel.TwinStickExampleMap'
[2017.03.05-18.43.40:517][560]LogBlueprintUserMessages: Early EndPlayMap Detection: Level '/Game/TwinStickCPP/Maps/TwinStickExampleMap.TwinStickExampleMap:PersistentLevel' has LevelScriptBlueprint '/Game/TwinStickCPP/Maps/TwinStickExampleMap.TwinStickExampleMap:PersistentLevel.TwinStickExampleMap' with GeneratedClass '/Game/TwinStickCPP/Maps/TwinStickExampleMap.TwinStickExampleMap_C' with ClassGeneratedBy '/Game/TwinStickCPP/Maps/TwinStickExampleMap.TwinStickExampleMap:PersistentLevel.TwinStickExampleMap'
[2017.03.05-18.43.40:768][560]LogBlueprintUserMessages: Late EndPlayMap Detection: Level '/Game/TwinStickCPP/Maps/TwinStickExampleMap.TwinStickExampleMap:PersistentLevel' has LevelScriptBlueprint '/Game/TwinStickCPP/Maps/TwinStickExampleMap.TwinStickExampleMap:PersistentLevel.TwinStickExampleMap' with GeneratedClass '/Game/TwinStickCPP/Maps/TwinStickExampleMap.TwinStickExampleMap_C' with ClassGeneratedBy '/Game/TwinStickCPP/Maps/TwinStickExampleMap.TwinStickExampleMap:PersistentLevel.TwinStickExampleMap'
[2017.03.05-18.43.40:927][561]Cmd: SELECT NONE
[2017.03.05-18.43.55:925][749]LogSavePackage: Save=121.21ms
[2017.03.05-18.43.55:926][749]LogSavePackage: Moving 'D:/Work/Projects/boggart/UnrealEngine/Asteroids0/Saved/TwinStickExampleMapC35FC5154226B5EF150E0AAAB37660F6.tmp' to 'D:/Work/Projects/boggart/UnrealEngine/Asteroids0/Content/TwinStickCPP/Maps/TwinStickExampleMap.umap'
[2017.03.05-18.43.55:929][749]LogSavePackage:Display: Finished SavePackage D:/Work/Projects/boggart/UnrealEngine/Asteroids0/Content/TwinStickCPP/Maps/TwinStickExampleMap.umap
[2017.03.05-18.43.55:952][749]LogFileHelpers: Saving map 'TwinStickExampleMap' took 0.763
[2017.03.05-18.43.56:022][749]LogWindowsTextInputMethodSystem:Display: IME system now deactivated.
[2017.03.05-18.43.56:369][750]Cmd: QUIT_EDITOR
[2017.03.05-18.43.57:204][750]LogExit: Preparing to exit.
[2017.03.05-18.43.58:054][750]LogExit: Editor shut down
[2017.03.05-18.43.58:056][750]LogExit: Transaction tracking system shut down
[2017.03.05-18.43.58:275][750]LogObj: Freed 0b from 0 cluster array pools.
[2017.03.05-18.43.58:276][750]LogExit: Object subsystem successfully closed.
[2017.03.05-18.43.58:315][750]LogD3D11RHI: Shutdown
[2017.03.05-18.43.58:315][750]LogD3D11RHI: CleanupD3DDevice
[2017.03.05-18.43.58:439][750]LogD3D11RHI: ~FD3D11DynamicRHI
[2017.03.05-18.43.58:498][750]LogModuleManager: Shutting down and abandoning module Asteroids0 (503)
[2017.03.05-18.43.58:498][750]LogModuleManager: Shutting down and abandoning module MovieSceneCapture (500)
[2017.03.05-18.43.58:498][750]LogModuleManager: Shutting down and abandoning module HierarchicalLODOutliner (498)
[2017.03.05-18.43.58:499][750]LogModuleManager: Shutting down and abandoning module CrashTracker (496)
[2017.03.05-18.43.58:499][750]LogModuleManager: Shutting down and abandoning module SceneOutliner (494)
[2017.03.05-18.43.58:499][750]LogModuleManager: Shutting down and abandoning module AddContentDialog (492)
[2017.03.05-18.43.58:499][750]LogDirectoryWatcher: A directory notification for 'C:/Program Files (x86)/Epic Games/UE_4.15/FeaturePacks/' was aborted.
[2017.03.05-18.43.58:529][750]LogModuleManager: Shutting down and abandoning module WidgetCarousel (491)
[2017.03.05-18.43.58:529][750]LogModuleManager: Shutting down and abandoning module EditorWidgets (488)
[2017.03.05-18.43.58:529][750]LogModuleManager: Shutting down and abandoning module CollectionManager (486)
[2017.03.05-18.43.58:531][750]LogDirectoryWatcher: A directory notification for 'D:/Work/Projects/boggart/UnrealEngine/Asteroids0/Content/Collections/' was aborted.
[2017.03.05-18.43.58:531][750]LogDirectoryWatcher: A directory notification for 'D:/Work/Projects/boggart/UnrealEngine/Asteroids0/Content/Developers/0bogg000/Collections/' was aborted.
[2017.03.05-18.43.58:531][750]LogDirectoryWatcher: A directory notification for 'D:/Work/Projects/boggart/UnrealEngine/Asteroids0/Saved/Collections/' was aborted.
[2017.03.05-18.43.58:531][750]LogModuleManager: Shutting down and abandoning module StatsViewer (484)
[2017.03.05-18.43.58:532][750]LogModuleManager: Shutting down and abandoning module FoliageEdit (482)
[2017.03.05-18.43.58:532][750]LogModuleManager: Shutting down and abandoning module LandscapeEditor (480)
[2017.03.05-18.43.58:533][750]LogModuleManager: Shutting down and abandoning module SceneDepthPickerMode (478)
[2017.03.05-18.43.58:533][750]LogModuleManager: Shutting down and abandoning module ActorPickerMode (476)
[2017.03.05-18.43.58:533][750]LogModuleManager: Shutting down and abandoning module GeometryMode (474)
[2017.03.05-18.43.58:533][750]LogModuleManager: Shutting down and abandoning module TextureAlignMode (472)
[2017.03.05-18.43.58:533][750]LogModuleManager: Shutting down and abandoning module BspMode (470)
[2017.03.05-18.43.58:534][750]LogModuleManager: Shutting down and abandoning module HardwareSurvey (468)
[2017.03.05-18.43.58:534][750]LogModuleManager: Shutting down and abandoning module SequenceRecorderSections (466)
[2017.03.05-18.43.58:534][750]LogModuleManager: Shutting down and abandoning module AutomationWorker (464)
[2017.03.05-18.43.58:535][750]LogModuleManager: Shutting down and abandoning module MatineeToLevelSequence (462)
[2017.03.05-18.43.58:535][750]LogModuleManager: Shutting down and abandoning module LevelSequenceEditor (460)
[2017.03.05-18.43.58:539][750]LogModuleManager: Shutting down and abandoning module PlacementMode (459)
[2017.03.05-18.43.58:539][750]LogModuleManager: Shutting down and abandoning module WmfMediaFactory (456)
[2017.03.05-18.43.58:539][750]LogModuleManager: Shutting down and abandoning module WmfMediaEditor (454)
[2017.03.05-18.43.58:539][750]LogModuleManager: Shutting down and abandoning module MfMediaFactory (452)
[2017.03.05-18.43.58:539][750]LogModuleManager: Shutting down and abandoning module MfMediaEditor (450)
[2017.03.05-18.43.58:539][750]LogModuleManager: Shutting down and abandoning module AvfMediaFactory (448)
[2017.03.05-18.43.58:540][750]LogModuleManager: Shutting down and abandoning module AvfMediaEditor (446)
[2017.03.05-18.43.58:540][750]LogModuleManager: Shutting down and abandoning module AndroidMediaFactory (444)
[2017.03.05-18.43.58:540][750]LogModuleManager: Shutting down and abandoning module Media (443)
[2017.03.05-18.43.58:540][750]LogModuleManager: Shutting down and abandoning module AndroidMediaEditor (440)
[2017.03.05-18.43.58:540][750]LogModuleManager: Shutting down and abandoning module CharacterAI (438)
[2017.03.05-18.43.58:540][750]LogModuleManager: Shutting down and abandoning module AudioCapture (436)
[2017.03.05-18.43.58:540][750]LogModuleManager: Shutting down and abandoning module SequenceRecorder (435)
[2017.03.05-18.43.58:542][750]LogModuleManager: Shutting down and abandoning module SmartSnapping (432)
[2017.03.05-18.43.58:542][750]LogModuleManager: Shutting down and abandoning module SessionServices (430)
[2017.03.05-18.43.58:542][750]LogModuleManager: Shutting down and abandoning module ViewportSnapping (428)
[2017.03.05-18.43.58:542][750]LogModuleManager: Shutting down and abandoning module ViewportInteraction (426)
[2017.03.05-18.43.58:542][750]LogModuleManager: Shutting down and abandoning module LogVisualizer (424)
[2017.03.05-18.43.58:544][750]LogModuleManager: Shutting down and abandoning module IntroTutorials (422)
[2017.03.05-18.43.58:545][750]LogModuleManager: Shutting down and abandoning module GameProjectGeneration (421)
[2017.03.05-18.43.58:546][750]LogModuleManager: Shutting down and abandoning module EditorLiveStreaming (418)
[2017.03.05-18.43.58:546][750]LogModuleManager: Shutting down and abandoning module IOSPlatformEditor (416)
[2017.03.05-18.43.58:547][750]LogModuleManager: Shutting down and abandoning module HTML5PlatformEditor (414)
[2017.03.05-18.43.58:547][750]LogModuleManager: Shutting down and abandoning module AndroidPlatformEditor (412)
[2017.03.05-18.43.58:547][750]LogModuleManager: Shutting down and abandoning module AndroidDeviceDetection (411)
[2017.03.05-18.43.59:386][750]LogModuleManager: Shutting down and abandoning module IOSRuntimeSettings (408)
[2017.03.05-18.43.59:386][750]LogModuleManager: Shutting down and abandoning module AndroidRuntimeSettings (406)
[2017.03.05-18.43.59:386][750]LogModuleManager: Shutting down and abandoning module InputBindingEditor (404)
[2017.03.05-18.43.59:387][750]LogModuleManager: Shutting down and abandoning module NiagaraEditor (402)
[2017.03.05-18.43.59:389][750]LogModuleManager: Shutting down and abandoning module MergeActors (400)
[2017.03.05-18.43.59:390][750]LogModuleManager: Shutting down and abandoning module SizeMap (398)
[2017.03.05-18.43.59:390][750]LogModuleManager: Shutting down and abandoning module TreeMap (396)
[2017.03.05-18.43.59:391][750]LogModuleManager: Shutting down and abandoning module ReferenceViewer (394)
[2017.03.05-18.43.59:391][750]LogModuleManager: Shutting down and abandoning module LocalizationDashboard (392)
[2017.03.05-18.43.59:392][750]LogModuleManager: Shutting down and abandoning module LocalizationService (391)
[2017.03.05-18.43.59:393][750]LogModuleManager: Shutting down and abandoning module HardwareTargeting (388)
[2017.03.05-18.43.59:393][750]LogModuleManager: Shutting down and abandoning module DeviceProfileEditor (386)
[2017.03.05-18.43.59:394][750]LogModuleManager: Shutting down and abandoning module UndoHistory (384)
[2017.03.05-18.43.59:394][750]LogModuleManager: Shutting down and abandoning module UserFeedback (382)
[2017.03.05-18.43.59:394][750]LogModuleManager: Shutting down and abandoning module XmlParser (380)
[2017.03.05-18.43.59:394][750]LogModuleManager: Shutting down and abandoning module Blutility (378)
[2017.03.05-18.43.59:395][750]LogModuleManager: Shutting down and abandoning module ProjectSettingsViewer (376)
[2017.03.05-18.43.59:395][750]LogModuleManager: Shutting down and abandoning module ProjectTargetPlatformEditor (375)
[2017.03.05-18.43.59:395][750]LogModuleManager: Shutting down and abandoning module EditorSettingsViewer (372)
[2017.03.05-18.43.59:395][750]LogModuleManager: Shutting down and abandoning module SettingsEditor (370)
[2017.03.05-18.43.59:396][750]LogModuleManager: Shutting down and abandoning module ProjectLauncher (368)
[2017.03.05-18.43.59:397][750]LogModuleManager: Shutting down and abandoning module SessionFrontend (366)
[2017.03.05-18.43.59:398][750]LogModuleManager: Shutting down and abandoning module ProfilerClient (364)
[2017.03.05-18.43.59:399][750]LogModuleManager: Shutting down and abandoning module DeviceManager (362)
[2017.03.05-18.43.59:400][750]LogModuleManager: Shutting down and abandoning module TargetDeviceServices (361)
[2017.03.05-18.43.59:444][750]LogModuleManager: Shutting down and abandoning module AutomationController (358)
[2017.03.05-18.43.59:445][750]LogModuleManager: Shutting down and abandoning module AutomationWindow (356)
[2017.03.05-18.43.59:446][750]LogModuleManager: Shutting down and abandoning module Layers (354)
[2017.03.05-18.43.59:448][750]LogModuleManager: Shutting down and abandoning module ComponentVisualizers (352)
[2017.03.05-18.43.59:448][750]LogModuleManager: Shutting down and abandoning module DetailCustomizations (350)
[2017.03.05-18.43.59:450][750]LogModuleManager: Shutting down and abandoning module PackagesDialog (348)
[2017.03.05-18.43.59:450][750]LogModuleManager: Shutting down and abandoning module Persona (346)
[2017.03.05-18.43.59:452][750]LogModuleManager: Shutting down and abandoning module AnimGraph (345)
[2017.03.05-18.43.59:452][750]LogModuleManager: Shutting down and abandoning module Kismet (342)
[2017.03.05-18.43.59:454][750]LogModuleManager: Shutting down and abandoning module GraphEditor (340)
[2017.03.05-18.43.59:457][750]LogModuleManager: Shutting down and abandoning module ClassViewer (338)
[2017.03.05-18.43.59:457][750]LogModuleManager: Shutting down and abandoning module Toolbox (336)
[2017.03.05-18.43.59:457][750]LogModuleManager: Shutting down and abandoning module ModuleUI (334)
[2017.03.05-18.43.59:458][750]LogModuleManager: Shutting down and abandoning module MovieSceneTools (332)
[2017.03.05-18.43.59:459][750]LogModuleManager: Shutting down and abandoning module OutputLog (330)
[2017.03.05-18.43.59:459][750]LogModuleManager: Shutting down and abandoning module GammaUI (328)
[2017.03.05-18.43.59:459][750]LogModuleManager: Shutting down and abandoning module Documentation (326)
[2017.03.05-18.43.59:459][750]LogModuleManager: Shutting down and abandoning module Niagara (324)
[2017.03.05-18.43.59:459][750]LogModuleManager: Shutting down and abandoning module StreamingPauseRendering (322)
[2017.03.05-18.43.59:459][750]LogModuleManager: Shutting down and abandoning module AnalyticsET (320)
[2017.03.05-18.43.59:459][750]LogModuleManager: Shutting down and abandoning module PortalServices (318)
[2017.03.05-18.43.59:459][750]LogModuleManager: Shutting down and abandoning module PortalRpc (316)
[2017.03.05-18.43.59:459][750]LogModuleManager: Shutting down and abandoning module MessagingRpc (314)
[2017.03.05-18.43.59:459][750]LogModuleManager: Shutting down and abandoning module AIModule (312)
[2017.03.05-18.43.59:460][750]LogModuleManager: Shutting down and abandoning module GameplayDebugger (311)
[2017.03.05-18.43.59:460][750]LogModuleManager: Shutting down and abandoning module AITestSuite (309)
[2017.03.05-18.43.59:460][750]LogModuleManager: Shutting down and abandoning module ProfilerService (306)
[2017.03.05-18.43.59:665][750]LogModuleManager: Shutting down and abandoning module TaskGraph (304)
[2017.03.05-18.43.59:668][750]LogModuleManager: Shutting down and abandoning module SteamVRController (302)
[2017.03.05-18.43.59:668][750]LogModuleManager: Shutting down and abandoning module SteamVR (300)
[2017.03.05-18.43.59:668][750]LogModuleManager: Shutting down and abandoning module ProceduralMeshComponentEditor (298)
[2017.03.05-18.43.59:668][750]LogModuleManager: Shutting down and abandoning module ProceduralMeshComponent (296)
[2017.03.05-18.43.59:668][750]LogModuleManager: Shutting down and abandoning module OculusLibrary (294)
[2017.03.05-18.43.59:668][750]LogModuleManager: Shutting down and abandoning module OculusInput (292)
[2017.03.05-18.43.59:668][750]LogModuleManager: Shutting down and abandoning module MobilePatchingUtils (290)
[2017.03.05-18.43.59:668][750]LogModuleManager: Shutting down and abandoning module CustomMeshComponent (288)
[2017.03.05-18.43.59:668][750]LogModuleManager: Shutting down and abandoning module CableComponent (286)
[2017.03.05-18.43.59:668][750]LogModuleManager: Shutting down and abandoning module ArchVisCharacter (284)
[2017.03.05-18.43.59:669][750]LogModuleManager: Shutting down and abandoning module MediaPlayerEditor (280)
[2017.03.05-18.43.59:671][750]LogModuleManager: Shutting down and abandoning module HTML5Networking (278)
[2017.03.05-18.43.59:671][750]LogModuleManager: Shutting down and abandoning module AlembicImporter (276)
[2017.03.05-18.43.59:672][750]LogModuleManager: Shutting down and abandoning module AlembicLibrary (275)
[2017.03.05-18.43.59:672][750]LogModuleManager: Shutting down and abandoning module GeometryCache (274)
[2017.03.05-18.43.59:672][750]LogModuleManager: Shutting down and abandoning module GeometryCacheEd (273)
[2017.03.05-18.43.59:672][750]LogModuleManager: Shutting down and abandoning module SuperSearchEditor (268)
[2017.03.05-18.43.59:672][750]LogModuleManager: Shutting down and abandoning module SuperSearch (267)
[2017.03.05-18.43.59:672][750]LogModuleManager: Shutting down and abandoning module SpeedTreeImporter (264)
[2017.03.05-18.43.59:672][750]LogModuleManager: Shutting down and abandoning module PluginBrowser (262)
[2017.03.05-18.43.59:674][750]LogModuleManager: Shutting down and abandoning module MobileLauncherProfileWizard (260)
[2017.03.05-18.43.59:675][750]LogModuleManager: Shutting down and abandoning module EpicSurvey (258)
[2017.03.05-18.43.59:675][750]LogModuleManager: Shutting down and abandoning module VisualStudioSourceCodeAccess (256)
[2017.03.05-18.43.59:675][750]LogModuleManager: Shutting down and abandoning module DesktopPlatform (255)
[2017.03.05-18.43.59:676][750]LogModuleManager: Shutting down and abandoning module UObjectPlugin (252)
[2017.03.05-18.43.59:676][750]LogModuleManager: Shutting down and abandoning module SubversionSourceControl (250)
[2017.03.05-18.43.59:677][750]LogModuleManager: Shutting down and abandoning module PerforceSourceControl (248)
[2017.03.05-18.43.59:678][750]LogModuleManager: Shutting down and abandoning module GitSourceControl (246)
[2017.03.05-18.43.59:678][750]LogModuleManager: Shutting down and abandoning module SourceControl (245)
[2017.03.05-18.43.59:679][750]LogModuleManager: Shutting down and abandoning module LightPropagationVolumeEditor (242)
[2017.03.05-18.43.59:679][750]LogModuleManager: Shutting down and abandoning module PaperTiledImporter (240)
[2017.03.05-18.43.59:679][750]LogModuleManager: Shutting down and abandoning module PaperSpriteSheetImporter (238)
[2017.03.05-18.43.59:679][750]LogModuleManager: Shutting down and abandoning module Paper2DEditor (236)
[2017.03.05-18.43.59:680][750]LogModuleManager: Shutting down and abandoning module MeshPaint (235)
[2017.03.05-18.43.59:681][750]LogModuleManager: Shutting down and abandoning module LevelEditor (233)
[2017.03.05-18.43.59:684][750]LogModuleManager: Shutting down and abandoning module PixelInspectorModule (232)
[2017.03.05-18.43.59:685][750]LogModuleManager: Shutting down and abandoning module MainFrame (230)
[2017.03.05-18.43.59:685][750]LogModuleManager: Shutting down and abandoning module HotReload (229)
[2017.03.05-18.43.59:685][750]LogDirectoryWatcher: A directory notification for 'D:/Work/Projects/boggart/UnrealEngine/Asteroids0/Binaries/Win64' was aborted.
[2017.03.05-18.43.59:685][750]LogModuleManager: Shutting down and abandoning module ContentBrowser (225)
[2017.03.05-18.43.59:687][750]LogModuleManager: Shutting down and abandoning module PhysXVehiclesEditor (220)
[2017.03.05-18.43.59:688][750]LogModuleManager: Shutting down and abandoning module PhysXVehicles (218)
[2017.03.05-18.43.59:688][750]LogModuleManager: Shutting down and abandoning module LocationServicesBPLibrary (216)
[2017.03.05-18.43.59:688][750]LogModuleManager: Shutting down and abandoning module UdpMessaging (214)
[2017.03.05-18.43.59:789][750]LogModuleManager: Shutting down and abandoning module TcpMessaging (212)
[2017.03.05-18.43.59:890][750]LogModuleManager: Shutting down and abandoning module GameplayTagsEditor (210)
[2017.03.05-18.43.59:892][750]LogModuleManager: Shutting down and abandoning module FacialAnimationEditor (208)
[2017.03.05-18.43.59:893][750]LogModuleManager: Shutting down and abandoning module FacialAnimation (206)
[2017.03.05-18.43.59:893][750]LogModuleManager: Shutting down and abandoning module LightPropagationVolumeRuntime (204)
[2017.03.05-18.43.59:893][750]LogModuleManager: Shutting down and abandoning module Paper2D (202)
[2017.03.05-18.43.59:894][750]LogModuleManager: Shutting down and abandoning module WindowsMoviePlayer (200)
[2017.03.05-18.43.59:894][750]LogModuleManager: Shutting down and abandoning module WmfMedia (198)
[2017.03.05-18.43.59:896][750]LogModuleManager: Shutting down and abandoning module MfMedia (196)
[2017.03.05-18.43.59:896][750]LogModuleManager: Shutting down and abandoning module MediaAssets (194)
[2017.03.05-18.43.59:896][750]LogModuleManager: Shutting down and abandoning module GameLiveStreaming (192)
[2017.03.05-18.43.59:896][750]LogModuleManager: Shutting down and abandoning module VREditor (190)
[2017.03.05-18.43.59:897][750]LogModuleManager: Shutting down and abandoning module GameplayTasksEditor (188)
[2017.03.05-18.43.59:897][750]LogModuleManager: Shutting down and abandoning module BehaviorTreeEditor (186)
[2017.03.05-18.43.59:899][750]LogModuleManager: Shutting down and abandoning module FunctionalTesting (184)
[2017.03.05-18.43.59:899][750]LogModuleManager: Shutting down and abandoning module CollisionAnalyzer (182)
[2017.03.05-18.43.59:901][750]LogModuleManager: Shutting down and abandoning module UMG (180)
[2017.03.05-18.43.59:902][750]LogModuleManager: Shutting down and abandoning module UMGEditor (179)
[2017.03.05-18.43.59:904][750]LogModuleManager: Shutting down and abandoning module Sequencer (178)
[2017.03.05-18.43.59:906][750]LogModuleManager: Shutting down and abandoning module AssetTools (176)
[2017.03.05-18.43.59:909][750]LogModuleManager: Shutting down and abandoning module MessageLog (175)
[2017.03.05-18.43.59:910][750]LogModuleManager: Shutting down and abandoning module WorkspaceMenuStructure (174)
[2017.03.05-18.43.59:910][750]LogModuleManager: Shutting down and abandoning module SlateReflector (168)
[2017.03.05-18.43.59:913][750]LogModuleManager: Shutting down and abandoning module Slate (166)
[2017.03.05-18.43.59:913][750]LogModuleManager: Shutting down and abandoning module EditorStyle (164)
[2017.03.05-18.43.59:918][750]LogModuleManager: Shutting down and abandoning module SourceCodeAccess (162)
[2017.03.05-18.43.59:918][750]LogModuleManager: Shutting down and abandoning module HeadMountedDisplay (160)
[2017.03.05-18.43.59:918][750]LogModuleManager: Shutting down and abandoning module XAudio2 (158)
[2017.03.05-18.43.59:918][750]LogModuleManager: Shutting down and abandoning module Networking (156)
[2017.03.05-18.43.59:918][750]LogModuleManager: Shutting down and abandoning module Core (152)
[2017.03.05-18.43.59:918][750]LogModuleManager: Shutting down and abandoning module AssetRegistry (150)
[2017.03.05-18.44.00:097][750]LogDirectoryWatcher: A directory notification for '../../../Engine/Content/' was aborted.
[2017.03.05-18.44.00:097][750]LogDirectoryWatcher: A directory notification for 'D:/Work/Projects/boggart/UnrealEngine/Asteroids0/Content/' was aborted.
[2017.03.05-18.44.00:097][750]LogDirectoryWatcher: A directory notification for '../../../Engine/Plugins/2D/Paper2D/Content/' was aborted.
[2017.03.05-18.44.00:098][750]LogModuleManager: Shutting down and abandoning module DirectoryWatcher (149)
[2017.03.05-18.44.00:103][750]LogModuleManager: Shutting down and abandoning module KismetCompiler (146)
[2017.03.05-18.44.00:103][750]LogModuleManager: Shutting down and abandoning module PhysXFormats (144)
[2017.03.05-18.44.00:103][750]LogModuleManager: Shutting down and abandoning module MeshUtilities (142)
[2017.03.05-18.44.00:105][750]LogModuleManager: Shutting down and abandoning module SimplygonSwarm (141)
[2017.03.05-18.44.00:106][750]LogModuleManager: Shutting down and abandoning module SimplygonMeshReduction (139)
[2017.03.05-18.44.00:106][750]LogModuleManager: Shutting down and abandoning module QuadricMeshReduction (137)
[2017.03.05-18.44.00:106][750]LogModuleManager: Shutting down and abandoning module PropertyEditor (135)
[2017.03.05-18.44.00:106][750]LogModuleManager: Shutting down and abandoning module DerivedDataCache (132)
[2017.03.05-18.44.00:173][750]LogDerivedDataCache: Shutdown
[2017.03.05-18.44.00:173][750]LogModuleManager: Shutting down and abandoning module TargetPlatform (130)
[2017.03.05-18.44.00:174][750]LogModuleManager: Shutting down and abandoning module VulkanShaderFormat (129)
[2017.03.05-18.44.00:174][750]LogModuleManager: Shutting down and abandoning module ShaderFormatOpenGL (127)
[2017.03.05-18.44.00:175][750]LogModuleManager: Shutting down and abandoning module ShaderFormatD3D (125)
[2017.03.05-18.44.00:175][750]LogModuleManager: Shutting down and abandoning module MetalShaderFormat (123)
[2017.03.05-18.44.00:176][750]LogModuleManager: Shutting down and abandoning module TextureFormatUncompressed (121)
[2017.03.05-18.44.00:176][750]LogModuleManager: Shutting down and abandoning module TextureFormatPVR (119)
[2017.03.05-18.44.00:176][750]LogModuleManager: Shutting down and abandoning module TextureFormatDXT (117)
[2017.03.05-18.44.00:176][750]LogModuleManager: Shutting down and abandoning module TextureFormatIntelISPCTexComp (115)
[2017.03.05-18.44.00:178][750]LogModuleManager: Shutting down and abandoning module TextureFormatASTC (113)
[2017.03.05-18.44.00:178][750]LogModuleManager: Shutting down and abandoning module ImageWrapper (112)
[2017.03.05-18.44.00:178][750]LogModuleManager: Shutting down and abandoning module TextureFormatAndroid (109)
[2017.03.05-18.44.00:178][750]LogModuleManager: Shutting down and abandoning module AudioFormatOpus (107)
[2017.03.05-18.44.00:179][750]LogModuleManager: Shutting down and abandoning module AudioFormatOgg (105)
[2017.03.05-18.44.00:179][750]LogModuleManager: Shutting down and abandoning module AudioFormatADPCM (103)
[2017.03.05-18.44.00:179][750]LogModuleManager: Shutting down and abandoning module LinuxTargetPlatform (101)
[2017.03.05-18.44.00:179][750]LogModuleManager: Shutting down and abandoning module LinuxServerTargetPlatform (99)
[2017.03.05-18.44.00:179][750]LogModuleManager: Shutting down and abandoning module LinuxNoEditorTargetPlatform (97)
[2017.03.05-18.44.00:179][750]LogModuleManager: Shutting down and abandoning module LinuxClientTargetPlatform (95)
[2017.03.05-18.44.00:179][750]LogModuleManager: Shutting down and abandoning module TVOSTargetPlatform (93)
[2017.03.05-18.44.00:179][750]LogModuleManager: Shutting down and abandoning module Messaging (91)
[2017.03.05-18.44.00:180][750]LogModuleManager: Shutting down and abandoning module IOSTargetPlatform (89)
[2017.03.05-18.44.00:180][750]LogModuleManager: Shutting down and abandoning module HTML5TargetPlatform (87)
[2017.03.05-18.44.00:180][750]LogModuleManager: Shutting down and abandoning module Android_PVRTCTargetPlatform (85)
[2017.03.05-18.44.00:180][750]LogModuleManager: Shutting down and abandoning module Android_MultiTargetPlatform (83)
[2017.03.05-18.44.00:180][750]LogModuleManager: Shutting down and abandoning module Android_ETC2TargetPlatform (81)
[2017.03.05-18.44.00:180][750]LogModuleManager: Shutting down and abandoning module Android_ETC1TargetPlatform (79)
[2017.03.05-18.44.00:180][750]LogModuleManager: Shutting down and abandoning module Android_DXTTargetPlatform (77)
[2017.03.05-18.44.00:180][750]LogModuleManager: Shutting down and abandoning module Android_ATCTargetPlatform (75)
[2017.03.05-18.44.00:180][750]LogModuleManager: Shutting down and abandoning module Android_ASTCTargetPlatform (73)
[2017.03.05-18.44.00:180][750]LogModuleManager: Shutting down and abandoning module AndroidTargetPlatform (71)
[2017.03.05-18.44.00:180][750]LogModuleManager: Shutting down and abandoning module WindowsTargetPlatform (69)
[2017.03.05-18.44.00:180][750]LogModuleManager: Shutting down and abandoning module WindowsServerTargetPlatform (67)
[2017.03.05-18.44.00:180][750]LogModuleManager: Shutting down and abandoning module WindowsNoEditorTargetPlatform (65)
[2017.03.05-18.44.00:180][750]LogModuleManager: Shutting down and abandoning module WindowsClientTargetPlatform (63)
[2017.03.05-18.44.00:181][750]LogModuleManager: Shutting down and abandoning module MacTargetPlatform (61)
[2017.03.05-18.44.00:181][750]LogModuleManager: Shutting down and abandoning module MacServerTargetPlatform (59)
[2017.03.05-18.44.00:181][750]LogModuleManager: Shutting down and abandoning module MacNoEditorTargetPlatform (57)
[2017.03.05-18.44.00:181][750]LogModuleManager: Shutting down and abandoning module MacClientTargetPlatform (55)
[2017.03.05-18.44.00:181][750]LogModuleManager: Shutting down and abandoning module AllDesktopTargetPlatform (53)
[2017.03.05-18.44.00:181][750]LogModuleManager: Shutting down and abandoning module InputCore (50)
[2017.03.05-18.44.00:181][750]LogModuleManager: Shutting down and abandoning module Settings (48)
[2017.03.05-18.44.00:181][750]LogModuleManager: Shutting down and abandoning module OculusRift (46)
[2017.03.05-18.44.00:181][750]LogModuleManager: Shutting down and abandoning module ExampleDeviceProfileSelector (44)
[2017.03.05-18.44.00:181][750]LogModuleManager: Shutting down and abandoning module OnlineBlueprintSupport (42)
[2017.03.05-18.44.00:181][750]LogModuleManager: Shutting down and abandoning module OnlineSubsystem (38)
[2017.03.05-18.44.00:181][750]LogOnline:Display: Unloading online subsystem: NULL
[2017.03.05-18.44.00:182][750]LogModuleManager: Shutting down and abandoning module XMPP (37)
[2017.03.05-18.44.00:184][750]LogModuleManager: Shutting down and abandoning module HTTP (35)
[2017.03.05-18.44.00:184][750]LogHttp:Display: Http module shutting down, but needs to wait on 1 outstanding Http requests:
[2017.03.05-18.44.00:184][750]LogHttp:Display: 	verb=[POST] url=[https://datarouter.ol.epicgames.com/datarouter/api/v1/public/data?SessionID=%7B01D6A555-4CD2-1DDB-5133-0D876C2C21AC%7D&AppID=UEEditor.Rocket.Release&AppVersion=4.15.0-3299760%2B%2B%2BUE4%2BRelease-4.15&UserID=b25b112647205e2f44b518b713929bb6%7C2157e85279ce401aa4d5ebe92e40a5a1%7Cebfe676d-2a9d-4548-b51f-bad00425d875&AppEnvironment=datacollector-binary&UploadType=eteventstream] status=Processing
[2017.03.05-18.44.00:199][750]LogModuleManager: Shutting down and abandoning module SSL (34)
[2017.03.05-18.44.00:203][750]LogModuleManager: Shutting down and abandoning module AudioEditor (30)
[2017.03.05-18.44.00:204][750]LogModuleManager: Shutting down and abandoning module TextureCompressor (28)
[2017.03.05-18.44.00:205][750]LogModuleManager: Shutting down and abandoning module ShaderCore (26)
[2017.03.05-18.44.00:205][750]LogModuleManager: Shutting down and abandoning module Landscape (24)
[2017.03.05-18.44.00:205][750]LogModuleManager: Shutting down and abandoning module SlateRHIRenderer (22)
[2017.03.05-18.44.00:212][750]LogModuleManager: Shutting down and abandoning module OpenGLDrv (20)
[2017.03.05-18.44.00:212][750]LogModuleManager: Shutting down and abandoning module D3D11RHI (18)
[2017.03.05-18.44.00:212][750]LogModuleManager: Shutting down and abandoning module AnimGraphRuntime (16)
[2017.03.05-18.44.00:213][750]LogModuleManager: Shutting down and abandoning module Renderer (14)
[2017.03.05-18.44.00:213][750]LogModuleManager: Shutting down and abandoning module Engine (12)
[2017.03.05-18.44.00:213][750]LogModuleManager: Shutting down and abandoning module CoreUObject (10)
[2017.03.05-18.44.00:213][750]LogModuleManager: Shutting down and abandoning module NetworkFile (8)
[2017.03.05-18.44.00:213][750]LogModuleManager: Shutting down and abandoning module StreamingFile (6)
[2017.03.05-18.44.00:213][750]LogModuleManager: Shutting down and abandoning module SandboxFile (4)
[2017.03.05-18.44.00:213][750]LogModuleManager: Shutting down and abandoning module PakFile (2)
[2017.03.05-18.44.00:216][750]LogExit: Exiting.
[2017.03.05-18.44.00:226][750]Log file closed, 03/05/17 21:44:00
